/home/yash/Desktop/Biorobotics_Lab/moving_mass_RL-master/scripts/ppo.py:343: UserWarning: To copy construct from a tensor, it is recommended to use sourceTensor.clone().detach() or sourceTensor.clone().detach().requires_grad_(True), rather than torch.tensor(sourceTensor).
  obs, act, adv, logp_old = torch.tensor(data['obs'],dtype=torch.float,device='cuda:0'),torch.tensor(data['act'],dtype=torch.float,device='cuda:0'), torch.tensor(data['adv'],dtype=torch.float,device='cuda:0'), torch.tensor(data['logp'],dtype=torch.float,device='cuda:0')
/home/yash/Desktop/Biorobotics_Lab/moving_mass_RL-master/scripts/ppo.py:363: UserWarning: To copy construct from a tensor, it is recommended to use sourceTensor.clone().detach() or sourceTensor.clone().detach().requires_grad_(True), rather than torch.tensor(sourceTensor).
  obs, ret = torch.tensor(data['obs'],dtype=torch.float,device='cuda:0'), torch.tensor(data['ret'],dtype=torch.float,device='cuda:0')
/home/yash/Desktop/Biorobotics_Lab/moving_mass_RL-master/scripts/ppo.py:412: UserWarning: To copy construct from a tensor, it is recommended to use sourceTensor.clone().detach() or sourceTensor.clone().detach().requires_grad_(True), rather than torch.tensor(sourceTensor).
  obs, act, adv, logp_old = torch.tensor(data['obs'],dtype=torch.float,device='cuda:0'),torch.tensor(data['act'],dtype=torch.float,device='cuda:0'), torch.tensor(data['adv'],dtype=torch.float,device='cuda:0'), torch.tensor(data['logp'],dtype=torch.float,device='cuda:0')
/home/yash/Desktop/Biorobotics_Lab/moving_mass_RL-master/scripts/ppo.py:431: UserWarning: To copy construct from a tensor, it is recommended to use sourceTensor.clone().detach() or sourceTensor.clone().detach().requires_grad_(True), rather than torch.tensor(sourceTensor).
  obs, ret = torch.tensor(data['obs'],dtype=torch.float,device='cuda:0'), torch.tensor(data['ret'],dtype=torch.float,device='cuda:0')
0 426.4419606928336 -0.17 -4.344 -0.0
0.421 -6159.693 0.0
1 272.7825043624789 -1.114 -5.288 -0.0
0.163 -6352.432 0.0
2 978.8407548445307 -0.666 -7.013 -0.0
0.123 -6065.729 0.0
3 3.0598265939258296 0.044 -10.191 -0.0
0.192 -6921.785 0.0
4 91.59289472015784 -0.645 -13.216 -0.0
0.492 -5881.837 0.0
5 21.734290809596693 -1.087 -17.255 -0.0
0.157 -5411.239 0.0
6 6.689961083904463 -1.71 -23.049 -0.0
0.207 -4777.506 0.0
7 11.542047841779782 -2.531 -30.939 -0.0
0.074 -4877.962 0.0
8 5.828578178856353 -2.355 -40.5 -0.0
0.287 -4854.232 0.0
9 51.889547308582884 -2.135 -50.113 0.0
0.321 -5730.602 0.0
10 15.525240850640078 0.388 -57.998 0.0
0.107 -4247.185 0.0
11 63.91730254656456 -0.11 -64.176 0.0
0.044 -2764.904 0.0
12 58.082534330319135 0.404 -64.841 0.0
0.16 -1958.274 0.0
13 50.90585544073262 1.396 -65.234 0.0
0.009 -1653.005 0.0
14 65.63321836790655 0.591 -51.958 0.0
0.185 -2083.863 0.0
15 89.91326213589872 0.307 -36.342 0.0
0.273 -3353.589 0.0
16 155.42773762045726 4.756 -8.849 0.0
0.098 -5192.181 0.0
17 131.9398074295718 1.74 -5.259 0.0
0.419 -6957.432 0.0
18 501.3873088656301 3.655 -23.619 0.0
0.052 -8087.768 0.0
19 426.2372107406492 1.179 -44.77 0.0
0.434 -8135.816 0.0
20 362.95410734345955 1.324 -57.227 0.0
0.084 -6771.869 0.0
21 304.1143445749609 1.345 -67.599 0.0
0.035 -5115.802 0.0
22 263.7457999451267 1.123 -78.52 0.0
0.038 -3532.46 0.0
23 236.06640681419293 3.285 -88.923 0.0
0.031 -2172.711 0.0
24 217.0712550286133 3.715 -100.36 0.0
0.008 -1239.236 0.0
25 209.72318306512295 6.469 -101.879 0.0
0.012 -586.647 0.0
26 210.74528933315145 7.424 -89.71 0.0
0.003 -236.089 0.0
27 208.44471370044522 7.977 -57.638 0.0
0.012 -84.625 0.0
28 203.69224137626475 10.922 -11.253 0.0
0.01 -53.806 0.0
29 189.90844246758348 16.191 1.072 0.0
0.007 -47.282 0.0
30 172.78628303654978 15.783 2.26 0.0
0.005 -53.802 0.0
31 158.0397446514778 18.715 1.754 0.0
0.001 -61.239 0.0
32 141.57910205880046 26.796 0.939 0.0
0.002 -61.436 0.0
33 131.89695286650715 29.574 1.105 0.0
0.002 -70.282 0.0
34 128.06969936789216 31.092 -0.904 0.0
0.004 -78.489 0.0
35 124.27118168994858 33.685 3.57 0.0
0.001 -87.353 0.0
36 121.12907477281077 38.646 -1.283 0.0
0.003 -85.205 0.0
37 120.33571594613196 46.982 1.227 0.0
0.003 -86.497 0.0
38 122.5029748265969 53.637 -2.177 0.0
0.0 -90.875 0.0
39 124.34677240567811 57.869 11.426 0.0
0.0 -95.268 0.0
40 127.6992303770437 75.293 0.49 0.0
0.0 -103.981 0.0
41 125.69374389608069 73.393 -3.381 0.0
0.0 -102.41 0.0
42 125.99519229778524 85.673 -4.161 0.0
0.001 -103.11 0.0
43 124.19013826570153 113.311 -9.799 0.0
0.001 -98.95 0.0
44 124.37789893180737 111.741 -0.584 0.0
0.001 -99.751 0.0
45 124.69846519578742 127.695 -1.644 0.0
0.0 -99.156 0.0
46 124.79753754766568 162.77 0.487 0.0
0.001 -98.798 0.0
47 121.77575544127139 146.892 -0.202 0.0
0.001 -93.691 0.0
48 123.24993330418144 146.703 0.635 0.0
0.001 -95.41 0.0
49 127.34970380011092 156.893 1.059 0.0
0.0 -101.834 0.0
50 127.53362943998587 134.37 0.336 0.0
0.0 -102.362 0.0
51 128.70202497289276 101.87 0.919 0.0
0.002 -105.864 0.0
52 128.69243727852424 109.158 0.238 0.0
0.001 -105.545 0.0
53 128.32048246257506 83.101 0.439 0.0
0.002 -106.88 0.0
54 126.9341588343639 76.396 -0.035 0.0
0.002 -109.594 0.0
55 130.04030995134377 96.613 -0.407 0.0
0.001 -112.596 0.0
56 139.873428302938 82.484 -1.147 0.0
0.006 -144.088 0.0
57 256.78672830945874 84.411 -18.203 0.0
0.003 -795.672 0.0
58 959.7415940275489 103.947 -1858.723 0.0
0.009 -15978.03 0.0
59 1799.665046876432 111.596 -3139.48 0.0
0.143 -57572.309 0.0
60 5.72893631424326 214.326 -5062.625 0.0
0.506 -915998.188 0.0
Going in 3rd
Going in 3rd
Going in 3rd
Going in 3rd
Going in 3rd
Going in 3rd
Going in 3rd
Going in 3rd
Going in 3rd
Going in 3rd
Going in 3rd
Going in 3rd
Going in 3rd
Going in 3rd
Going in 3rd
Going in 3rd
Going in 3rd
Going in 3rd
Going in 3rd
Going in 3rd
Going in 3rd
Going in 3rd
Going in 3rd
Going in 3rd
Going in 3rd
Going in 3rd
Going in 3rd
Going in 3rd
Going in 3rd
Going in 3rd
Going in 3rd
Going in 3rd
Going in 3rd
Going in 3rd
Going in 3rd
Going in 3rd
Going in 3rd
Going in 3rd
Going in 3rd
Going in 3rd
Going in 3rd
Going in 3rd
Going in 3rd
Going in 3rd
Going in 3rd
Going in 3rd
Going in 3rd
Going in 3rd
Going in 3rd
Going in 3rd
Going in 3rd
Going in 3rd
Going in 3rd
Going in 3rd
Going in 3rd
Going in 3rd
Going in 3rd
Going in 3rd
Going in 3rd
Going in 3rd
Going in 3rd
Going in 3rd
Going in 3rd
Going in 3rd
Going in 3rd
Going in 3rd
Going in 3rd
Going in 3rd
Going in 3rd
Going in 3rd
Going in 3rd
Going in 3rd
Going in 3rd
Going in 3rd
Going in 3rd
Going in 3rd
Going in 3rd
Going in 3rd
Going in 3rd
Going in 3rd
Going in 3rd
Going in 3rd
Going in 3rd
Going in 3rd
Going in 3rd
Going in 3rd
Going in 3rd
Going in 3rd
Going in 3rd
Going in 3rd
Going in 3rd
Going in 3rd
Going in 3rd
Going in 3rd
Going in 3rd
Going in 3rd
Going in 3rd
Going in 3rd
Going in 3rd
Going in 3rd
Going in 3rd
Going in 3rd
Going in 3rd
Going in 3rd
Going in 3rd
Going in 3rd
Going in 3rd
Going in 3rd
Going in 3rd
Going in 3rd
Going in 3rd
Going in 3rd
Going in 3rd
Going in 3rd
Going in 3rd
Going in 3rd
Going in 3rd
Going in 3rd
Going in 3rd
Going in 3rd
Going in 3rd
Going in 3rd
Going in 3rd
Going in 3rd
Going in 3rd
Going in 3rd
Going in 3rd
Going in 3rd
Going in 3rd
Going in 3rd
Going in 3rd
Going in 3rd
Going in 3rd
Going in 3rd
Going in 3rd
Going in 3rd
Going in 3rd
Going in 3rd
Going in 3rd
Going in 3rd
Going in 3rd
Going in 3rd
Going in 3rd
Going in 3rd
Going in 3rd
Going in 3rd
Going in 3rd
Going in 3rd
Going in 3rd
Going in 3rd
Going in 3rd
Going in 3rd
Going in 3rd
Going in 3rd
Going in 3rd
Going in 3rd
Going in 3rd
Going in 3rd
Going in 3rd
Going in 3rd
Going in 3rd
Going in 3rd
Going in 3rd
Going in 3rd
Going in 3rd
Going in 3rd
Going in 3rd
Going in 3rd
Going in 3rd
Going in 3rd
Going in 3rd
Going in 3rd
Going in 3rd
Going in 3rd
Going in 3rd
Going in 3rd
Going in 3rd
Going in 3rd
Going in 3rd
Going in 3rd
Going in 3rd
Going in 3rd
Going in 3rd
Going in 3rd
Going in 3rd
Going in 3rd
Going in 3rd
Going in 3rd
Going in 3rd
Going in 3rd
Going in 3rd
Going in 3rd
Going in 3rd
Going in 3rd
Going in 3rd
Going in 3rd
Going in 3rd
Going in 3rd
Going in 3rd
Going in 3rd
Going in 3rd
Going in 3rd
Going in 3rd
Going in 3rd
Going in 3rd
Going in 3rd
Going in 3rd
Going in 3rd
Going in 3rd
Going in 3rd
Going in 3rd
Going in 3rd
Going in 3rd
Going in 3rd
Going in 3rd
Going in 3rd
Going in 3rd
Going in 3rd
Going in 3rd
Going in 3rd
Going in 3rd
Going in 3rd
Going in 3rd
Going in 3rd
Going in 3rd
Going in 3rd
Going in 3rd
Going in 3rd
Going in 3rd
Going in 3rd
Going in 3rd
Going in 3rd
Going in 3rd
Going in 3rd
Going in 3rd
Going in 3rd
Going in 3rd
Going in 3rd
Going in 3rd
Going in 3rd
Going in 3rd
Going in 3rd
Going in 3rd
Going in 3rd
Going in 3rd
Going in 3rd
Going in 3rd
Going in 3rd
Going in 3rd
Going in 3rd
Going in 3rd
Going in 3rd
Going in 3rd
Going in 3rd
Going in 3rd
Going in 3rd
Going in 3rd
Going in 3rd
Going in 3rd
Going in 3rd
Going in 3rd
Going in 3rd
Going in 3rd
Going in 3rd
Going in 3rd
Going in 3rd
Going in 3rd
Going in 3rd
Going in 3rd
Going in 3rd
Going in 3rd
Going in 3rd
Going in 3rd
Going in 3rd
Going in 3rd
Going in 3rd
Going in 3rd
Going in 3rd
Going in 3rd
Going in 3rd
Going in 3rd
Going in 3rd
Going in 3rd
Going in 3rd
Going in 3rd
Going in 3rd
Going in 3rd
Going in 3rd
Going in 3rd
Going in 3rd
Going in 3rd
Going in 3rd
Going in 3rd
Going in 3rd
Going in 3rd
Going in 3rd
Going in 3rd
Going in 3rd
Going in 3rd
Going in 3rd
Going in 3rd
Going in 3rd
Going in 3rd
Going in 3rd
Going in 3rd
Going in 3rd
Going in 3rd
Going in 3rd
Going in 3rd
Going in 3rd
Going in 3rd
Going in 3rd
Going in 3rd
Going in 3rd
Going in 3rd
Going in 3rd
Going in 3rd
Going in 3rd
Going in 3rd
Going in 3rd
Going in 3rd
Going in 3rd
Going in 3rd
Going in 3rd
Going in 3rd
Going in 3rd
Going in 3rd
Going in 3rd
Going in 3rd
Going in 3rd
Going in 3rd
Going in 3rd
Going in 3rd
Going in 3rd
Going in 3rd
Going in 3rd
Going in 3rd
Going in 3rd
Going in 3rd
Going in 3rd
Going in 3rd
Going in 3rd
Going in 3rd
Going in 3rd
Going in 3rd
Going in 3rd
Going in 3rd
Going in 3rd
Going in 3rd
Going in 3rd
Going in 3rd
Going in 3rd
Going in 3rd
Going in 3rd
Going in 3rd
Going in 3rd
Going in 3rd
Going in 3rd
Going in 3rd
Going in 3rd
Going in 3rd
Going in 3rd
Going in 3rd
Going in 3rd
Going in 3rd
Going in 3rd
Going in 3rd
Going in 3rd
Going in 3rd
Going in 3rd
Going in 3rd
Going in 3rd
Going in 3rd
Going in 3rd
Going in 3rd
Going in 3rd
Going in 3rd
Going in 3rd
Going in 3rd
Going in 3rd
Going in 3rd
Going in 3rd
Going in 3rd
Going in 3rd
Going in 3rd
Going in 3rd
Going in 3rd
Going in 3rd
Going in 3rd
Going in 3rd
Going in 3rd
Going in 3rd
Going in 3rd
Going in 3rd
Going in 3rd
Going in 3rd
Going in 3rd
Going in 3rd
Going in 3rd
Going in 3rd
Going in 3rd
Going in 3rd
Going in 3rd
Going in 3rd
Going in 3rd
Going in 3rd
Going in 3rd
Going in 3rd
Going in 3rd
Going in 3rd
Going in 3rd
Going in 3rd
Going in 3rd
Going in 3rd
Going in 3rd
Going in 3rd
Going in 3rd
Going in 3rd
Going in 3rd
Going in 3rd
Going in 3rd
Going in 3rd
Going in 3rd
Going in 3rd
Going in 3rd
Going in 3rd
Going in 3rd
Going in 3rd
Going in 3rd
Going in 3rd
Going in 3rd
Going in 3rd
Going in 3rd
Going in 3rd
Going in 3rd
Going in 3rd
Going in 3rd
Going in 3rd
Going in 3rd
Going in 3rd
Going in 3rd
Going in 3rd
Going in 3rd
Going in 3rd
Going in 3rd
Going in 3rd
Going in 3rd
Going in 3rd
Going in 3rd
Going in 3rd
Going in 3rd
Going in 3rd
Going in 3rd
Going in 3rd
Going in 3rd
Going in 3rd
Going in 3rd
Going in 3rd
Going in 3rd
Going in 3rd
Going in 3rd
Going in 3rd
Going in 3rd
Going in 3rd
Going in 3rd
Going in 3rd
Going in 3rd
Going in 3rd
Going in 3rd
Going in 3rd
Going in 3rd
Going in 3rd
Going in 3rd
Going in 3rd
Going in 3rd
Going in 3rd
Going in 3rd
Going in 3rd
Going in 3rd
Going in 3rd
Going in 3rd
Going in 3rd
Going in 3rd
Going in 3rd
Going in 3rd
Going in 3rd
Going in 3rd
Going in 3rd
Going in 3rd
Going in 3rd
Going in 3rd
Going in 3rd
Going in 3rd
Going in 3rd
Going in 3rd
Going in 3rd
Going in 3rd
Going in 3rd
Going in 3rd
Going in 3rd
Going in 3rd
Going in 3rd
Going in 3rd
Going in 3rd
Going in 3rd
Going in 3rd
Going in 3rd
Going in 3rd
Going in 3rd
Going in 3rd
Going in 3rd
Going in 3rd
Going in 3rd
Going in 3rd
Going in 3rd
Going in 3rd
Going in 3rd
Going in 3rd
Going in 3rd
Going in 3rd
Going in 3rd
Going in 3rd
Going in 3rd
Going in 3rd
Going in 3rd
Going in 3rd
Going in 3rd
Going in 3rd
Going in 3rd
Going in 3rd
Going in 3rd
Going in 3rd
Going in 3rd
Going in 3rd
Going in 3rd
Going in 3rd
Going in 3rd
Going in 3rd
Going in 3rd
Going in 3rd
Going in 3rd
Going in 3rd
Going in 3rd
Going in 3rd
Going in 3rd
Going in 3rd
Going in 3rd
Going in 3rd
Going in 3rd
Going in 3rd
Going in 3rd
Going in 3rd
Going in 3rd
Going in 3rd
Going in 3rd
Going in 3rd
Going in 3rd
Going in 3rd
Going in 3rd
Going in 3rd
Going in 3rd
Going in 3rd
Going in 3rd
Going in 3rd
Going in 3rd
Going in 3rd
Going in 3rd
Going in 3rd
Going in 3rd
Going in 3rd
Going in 3rd
Going in 3rd
Going in 3rd
Going in 3rd
Going in 3rd
Going in 3rd
Going in 3rd
Going in 3rd
Going in 3rd
Going in 3rd
Going in 3rd
Going in 3rd
Going in 3rd
Going in 3rd
Going in 3rd
Going in 3rd
Going in 3rd
Going in 3rd
Going in 3rd
Going in 3rd
Going in 3rd
Going in 3rd
Going in 3rd
Going in 3rd
Going in 3rd
Going in 3rd
Going in 3rd
Going in 3rd
Going in 3rd
Going in 3rd
Going in 3rd
Going in 3rd
Going in 3rd
Going in 3rd
Going in 3rd
Going in 3rd
Going in 3rd
Going in 3rd
Going in 3rd
Going in 3rd
Going in 3rd
Going in 3rd
Going in 3rd
Going in 3rd
Going in 3rd
Going in 3rd
Going in 3rd
Going in 3rd
Going in 3rd
Going in 3rd
Going in 3rd
Going in 3rd
Going in 3rd
Going in 3rd
Going in 3rd
Going in 3rd
Going in 3rd
Going in 3rd
Going in 3rd
Going in 3rd
Going in 3rd
Going in 3rd
Going in 3rd
Going in 3rd
Going in 3rd
Going in 3rd
Going in 3rd
Going in 3rd
Going in 3rd
Going in 3rd
Going in 3rd
Going in 3rd
Going in 3rd
Going in 3rd
Going in 3rd
Going in 3rd
Going in 3rd
Going in 3rd
Going in 3rd
Going in 3rd
Going in 3rd
Going in 3rd
Going in 3rd
Going in 3rd
Going in 3rd
Going in 3rd
Going in 3rd
Going in 3rd
Going in 3rd
Going in 3rd
Going in 3rd
Going in 3rd
Going in 3rd
Going in 3rd
Going in 3rd
Going in 3rd
Going in 3rd
Going in 3rd
Going in 3rd
Going in 3rd
Going in 3rd
Going in 3rd
Going in 3rd
Going in 3rd
Going in 3rd
Going in 3rd
Going in 3rd
Going in 3rd
Going in 3rd
Going in 3rd
Going in 3rd
Going in 3rd
Going in 3rd
Going in 3rd
Going in 3rd
Going in 3rd
Going in 3rd
Going in 3rd
Going in 3rd
Going in 3rd
Going in 3rd
Going in 3rd
Going in 3rd
Going in 3rd
Going in 3rd
Going in 3rd
Going in 3rd
Going in 3rd
Going in 3rd
Going in 3rd
Going in 3rd
Going in 3rd
Going in 3rd
Going in 3rd
Going in 3rd
Going in 3rd
Going in 3rd
Going in 3rd
Going in 3rd
Going in 3rd
Going in 3rd
Going in 3rd
Going in 3rd
Going in 3rd
Going in 3rd
Going in 3rd
Going in 3rd
Going in 3rd
Going in 3rd
Going in 3rd
Going in 3rd
Going in 3rd
Going in 3rd
Going in 3rd
Going in 3rd
Going in 3rd
Going in 3rd
Going in 3rd
Going in 3rd
Going in 3rd
Going in 3rd
Going in 3rd
Going in 3rd
Going in 3rd
Going in 3rd
Going in 3rd
Going in 3rd
Going in 3rd
Going in 3rd
Going in 3rd
Going in 3rd
Going in 3rd
Going in 3rd
Going in 3rd
Going in 3rd
Going in 3rd
Going in 3rd
Going in 3rd
Going in 3rd
Going in 3rd
Going in 3rd
Going in 3rd
Going in 3rd
Going in 3rd
Going in 3rd
Going in 3rd
Going in 3rd
Going in 3rd
Going in 3rd
Going in 3rd
Going in 3rd
Going in 3rd
Going in 3rd
Going in 3rd
Going in 3rd
Going in 3rd
Going in 3rd
Going in 3rd
Going in 3rd
Going in 3rd
Going in 3rd
Going in 3rd
Going in 3rd
Going in 3rd
Going in 3rd
Going in 3rd
Going in 3rd
Going in 3rd
Going in 3rd
Going in 3rd
Going in 3rd
Going in 3rd
Going in 3rd
Going in 3rd
Going in 3rd
Going in 3rd
Going in 3rd
Going in 3rd
Going in 3rd
Going in 3rd
Going in 3rd
Going in 3rd
Going in 3rd
Going in 3rd
Going in 3rd
Going in 3rd
Going in 3rd
Going in 3rd
Going in 3rd
Going in 3rd
Going in 3rd
Going in 3rd
Going in 3rd
Going in 3rd
Going in 3rd
Going in 3rd
Going in 3rd
Going in 3rd
Going in 3rd
Going in 3rd
Going in 3rd
Going in 3rd
Going in 3rd
Going in 3rd
Going in 3rd
Going in 3rd
Going in 3rd
Going in 3rd
Going in 3rd
Going in 3rd
Going in 3rd
Going in 3rd
Going in 3rd
Going in 3rd
Going in 3rd
Going in 3rd
Going in 3rd
Going in 3rd
Going in 3rd
Going in 3rd
Going in 3rd
Going in 3rd
Going in 3rd
Going in 3rd
Going in 3rd
Going in 3rd
Going in 3rd
Going in 3rd
Going in 3rd
Going in 3rd
Going in 3rd
Going in 3rd
Going in 3rd
Going in 3rd
Going in 3rd
Going in 3rd
Going in 3rd
Going in 3rd
Going in 3rd
Going in 3rd
Going in 3rd
Going in 3rd
Going in 3rd
Going in 3rd
Going in 3rd
Going in 3rd
Going in 3rd
Going in 3rd
Going in 3rd
Going in 3rd
Going in 3rd
Going in 3rd
Going in 3rd
Going in 3rd
Going in 3rd
Going in 3rd
Going in 3rd
Going in 3rd
Going in 3rd
Going in 3rd
Going in 3rd
Going in 3rd
Going in 3rd
Going in 3rd
Going in 3rd
Going in 3rd
Going in 3rd
Going in 3rd
Going in 3rd
Going in 3rd
Going in 3rd
Going in 3rd
Going in 3rd
Going in 3rd
Going in 3rd
Going in 3rd
Going in 3rd
Going in 3rd
Going in 3rd
Going in 3rd
Going in 3rd
Going in 3rd
Going in 3rd
Going in 3rd
Going in 3rd
Going in 3rd
Going in 3rd
Going in 3rd
Going in 3rd
Going in 3rd
Going in 3rd
Going in 3rd
Going in 3rd
Going in 3rd
Going in 3rd
Going in 3rd
Going in 3rd
Going in 3rd
Going in 3rd
Going in 3rd
Going in 3rd
Going in 3rd
Going in 3rd
Going in 3rd
Going in 3rd
Going in 3rd
Going in 3rd
Going in 3rd
Going in 3rd
Going in 3rd
Going in 3rd
Going in 3rd
Going in 3rd
Going in 3rd
Going in 3rd
Going in 3rd
Going in 3rd
Going in 3rd
Going in 3rd
Going in 3rd
Going in 3rd
Going in 3rd
Going in 3rd
Going in 3rd
Going in 3rd
Going in 3rd
Going in 3rd
Going in 3rd
Going in 3rd
Going in 3rd
Going in 3rd
Going in 3rd
Going in 3rd
Going in 3rd
Going in 3rd
Going in 3rd
Going in 3rd
Going in 3rd
Going in 3rd
Going in 3rd
Going in 3rd
Going in 3rd
Going in 3rd
Going in 3rd
Going in 3rd
Going in 3rd
Going in 3rd
Going in 3rd
Going in 3rd
Going in 3rd
Going in 3rd
Going in 3rd
Going in 3rd
Going in 3rd
Going in 3rd
Going in 3rd
Going in 3rd
Going in 3rd
Going in 3rd
Going in 3rd
Going in 3rd
Going in 3rd
Going in 3rd
Going in 3rd
Going in 3rd
Going in 3rd
Going in 3rd
Going in 3rd
Going in 3rd
Going in 3rd
Going in 3rd
Going in 3rd
Going in 3rd
Going in 3rd
Going in 3rd
Going in 3rd
Going in 3rd
Going in 3rd
Going in 3rd
Going in 3rd
Going in 3rd
Going in 3rd
Going in 3rd
Going in 3rd
Going in 3rd
Going in 3rd
Going in 3rd
Going in 3rd
Going in 3rd
Going in 3rd
Going in 3rd
Going in 3rd
Going in 3rd
Going in 3rd
Going in 3rd
Going in 3rd
Going in 3rd
Going in 3rd
Going in 3rd
Going in 3rd
Going in 3rd
Going in 3rd
Going in 3rd
Going in 3rd
Going in 3rd
Going in 3rd
Going in 3rd
Going in 3rd
Going in 3rd
Going in 3rd
Going in 3rd
Going in 3rd
Going in 3rd
Going in 3rd
Going in 3rd
Going in 3rd
Going in 3rd
Going in 3rd
Going in 3rd
Going in 3rd
Going in 3rd
Going in 3rd
Going in 3rd
Going in 3rd
Going in 3rd
Going in 3rd
Going in 3rd
Going in 3rd
Going in 3rd
Going in 3rd
Going in 3rd
Going in 3rd
Going in 3rd
Going in 3rd
Going in 3rd
Going in 3rd
Going in 3rd
Going in 3rd
Going in 3rd
Going in 3rd
Going in 3rd
Going in 3rd
Going in 3rd
Going in 3rd
Going in 3rd
Going in 3rd
Going in 3rd
Going in 3rd
Going in 3rd
Going in 3rd
Going in 3rd
Going in 3rd
Going in 3rd
Going in 3rd
Going in 3rd
Going in 3rd
Going in 3rd
Going in 3rd
Going in 3rd
Going in 3rd
Going in 3rd
Going in 3rd
Going in 3rd
Going in 3rd
Going in 3rd
Going in 3rd
Going in 3rd
Going in 3rd
Going in 3rd
Going in 3rd
Going in 3rd
Going in 3rd
Going in 3rd
Going in 3rd
Going in 3rd
Going in 3rd
Going in 3rd
Going in 3rd
Going in 3rd
Going in 3rd
Going in 3rd
Going in 3rd
Going in 3rd
Going in 3rd
Going in 3rd
Going in 3rd
Going in 3rd
Going in 3rd
Going in 3rd
Going in 3rd
Going in 3rd
Going in 3rd
Going in 3rd
Going in 3rd
Going in 3rd
Going in 3rd
Going in 3rd
Going in 3rd
Going in 3rd
Going in 3rd
Going in 3rd
Going in 3rd
Going in 3rd
Going in 3rd
Going in 3rd
Going in 3rd
Going in 3rd
Going in 3rd
Going in 3rd
Going in 3rd
Going in 3rd
Going in 3rd
Going in 3rd
Going in 3rd
Going in 3rd
Going in 3rd
Going in 3rd
Going in 3rd
Going in 3rd
Going in 3rd
Going in 3rd
Going in 3rd
Going in 3rd
Going in 3rd
Going in 3rd
Going in 3rd
Going in 3rd
Going in 3rd
Going in 3rd
Going in 3rd
Going in 3rd
Going in 3rd
Going in 3rd
Going in 3rd
Going in 3rd
Going in 3rd
Going in 3rd
Going in 3rd
Going in 3rd
Going in 3rd
Going in 3rd
Going in 3rd
Going in 3rd
Going in 3rd
Going in 3rd
Going in 3rd
Going in 3rd
Going in 3rd
Going in 3rd
Going in 3rd
Going in 3rd
Going in 3rd
Going in 3rd
Going in 3rd
Going in 3rd
Going in 3rd
Going in 3rd
Going in 3rd
Going in 3rd
Going in 3rd
Going in 3rd
Going in 3rd
Going in 3rd
Going in 3rd
Going in 3rd
Going in 3rd
Going in 3rd
Going in 3rd
Going in 3rd
Going in 3rd
Going in 3rd
Going in 3rd
Going in 3rd
Going in 3rd
Going in 3rd
Going in 3rd
Going in 3rd
Going in 3rd
Going in 3rd
Going in 3rd
Going in 3rd
Going in 3rd
Going in 3rd
Going in 3rd
Going in 3rd
Going in 3rd
Going in 3rd
Going in 3rd
Going in 3rd
Going in 3rd
Going in 3rd
Going in 3rd
Going in 3rd
Going in 3rd
Going in 3rd
Going in 3rd
Going in 3rd
Going in 3rd
Going in 3rd
Going in 3rd
Going in 3rd
Going in 3rd
Going in 3rd
Going in 3rd
Going in 3rd
Going in 3rd
Going in 3rd
Going in 3rd
Going in 3rd
Going in 3rd
Going in 3rd
Going in 3rd
Going in 3rd
Going in 3rd
Going in 3rd
Going in 3rd
Going in 3rd
Going in 3rd
Going in 3rd
Going in 3rd
Going in 3rd
Going in 3rd
Going in 3rd
Going in 3rd
Going in 3rd
Going in 3rd
Going in 3rd
Going in 3rd
Going in 3rd
Going in 3rd
Going in 3rd
Going in 3rd
Going in 3rd
Going in 3rd
Going in 3rd
Going in 3rd
Going in 3rd
Going in 3rd
Going in 3rd
Going in 3rd
Going in 3rd
Going in 3rd
Going in 3rd
Going in 3rd
Going in 3rd
Going in 3rd
Going in 3rd
Going in 3rd
Going in 3rd
Going in 3rd
Going in 3rd
Going in 3rd
Going in 3rd
Going in 3rd
Going in 3rd
Going in 3rd
Going in 3rd
Going in 3rd
Going in 3rd
Going in 3rd
Going in 3rd
Going in 3rd
Going in 3rd
Going in 3rd
Going in 3rd
Going in 3rd
Going in 3rd
Going in 3rd
Going in 3rd
Going in 3rd
Going in 3rd
Going in 3rd
Going in 3rd
Going in 3rd
Going in 3rd
Going in 3rd
Going in 3rd
Going in 3rd
Going in 3rd
Going in 3rd
Going in 3rd
Going in 3rd
Going in 3rd
Going in 3rd
Going in 3rd
Going in 3rd
Going in 3rd
Going in 3rd
Going in 3rd
Going in 3rd
Going in 3rd
Going in 3rd
Going in 3rd
Going in 3rd
Going in 3rd
Going in 3rd
Going in 3rd
Going in 3rd
Going in 3rd
Going in 3rd
Going in 3rd
Going in 3rd
Going in 3rd
Going in 3rd
Going in 3rd
Going in 3rd
Going in 3rd
Going in 3rd
Going in 3rd
Going in 3rd
Going in 3rd
Going in 3rd
Going in 3rd
Going in 3rd
Going in 3rd
Going in 3rd
Going in 3rd
Going in 3rd
Going in 3rd
Going in 3rd
Going in 3rd
Going in 3rd
Going in 3rd
Going in 3rd
Going in 3rd
Going in 3rd
Going in 3rd
Going in 3rd
Going in 3rd
Going in 3rd
Going in 3rd
Going in 3rd
Going in 3rd
Going in 3rd
Going in 3rd
Going in 3rd
Going in 3rd
Going in 3rd
Going in 3rd
Going in 3rd
Going in 3rd
Going in 3rd
Going in 3rd
Going in 3rd
Going in 3rd
Going in 3rd
Going in 3rd
Going in 3rd
Going in 3rd
Going in 3rd
Going in 3rd
Going in 3rd
Going in 3rd
Going in 3rd
Going in 3rd
Going in 3rd
Going in 3rd
Going in 3rd
Going in 3rd
Going in 3rd
Going in 3rd
Going in 3rd
Going in 3rd
Going in 3rd
Going in 3rd
Going in 3rd
Going in 3rd
Going in 3rd
Going in 3rd
Going in 3rd
Going in 3rd
Going in 3rd
Going in 3rd
Going in 3rd
Going in 3rd
Going in 3rd
Going in 3rd
Going in 3rd
Going in 3rd
Going in 3rd
Going in 3rd
Going in 3rd
Going in 3rd
Going in 3rd
Going in 3rd
Going in 3rd
Going in 3rd
Going in 3rd
Going in 3rd
Going in 3rd
Going in 3rd
Going in 3rd
Going in 3rd
Going in 3rd
Going in 3rd
Going in 3rd
Going in 3rd
Going in 3rd
Going in 3rd
Going in 3rd
61 2829.109235216556 121.436 -12761.0 0.0
0.004 -1897217.25 0.0
