2024-04-04 13:50:23,538 INFO    MainThread:5829 [wandb_setup.py:_flush():76] Current SDK version is 0.16.4
2024-04-04 13:50:23,538 INFO    MainThread:5829 [wandb_setup.py:_flush():76] Configure stats pid to 5829
2024-04-04 13:50:23,538 INFO    MainThread:5829 [wandb_setup.py:_flush():76] Loading settings from /home/yash/.config/wandb/settings
2024-04-04 13:50:23,538 INFO    MainThread:5829 [wandb_setup.py:_flush():76] Loading settings from /home/yash/Desktop/Biorobotics_Lab/moving_mass_RL-master/scripts/wandb/settings
2024-04-04 13:50:23,539 INFO    MainThread:5829 [wandb_setup.py:_flush():76] Loading settings from environment variables: {}
2024-04-04 13:50:23,539 INFO    MainThread:5829 [wandb_setup.py:_flush():76] Inferring run settings from compute environment: {'program_relpath': 'scripts/main.py', 'program_abspath': '/home/yash/Desktop/Biorobotics_Lab/moving_mass_RL-master/scripts/main.py', 'program': '/home/yash/Desktop/Biorobotics_Lab/moving_mass_RL-master/scripts/main.py'}
2024-04-04 13:50:23,539 INFO    MainThread:5829 [wandb_setup.py:_flush():76] Applying login settings: {'api_key': '***REDACTED***'}
2024-04-04 13:50:23,539 INFO    MainThread:5829 [wandb_setup.py:_flush():76] Applying login settings: {'api_key': '***REDACTED***'}
2024-04-04 13:50:23,539 INFO    MainThread:5829 [wandb_init.py:_log_setup():526] Logging user logs to /home/yash/Desktop/Biorobotics_Lab/moving_mass_RL-master/scripts/wandb/run-20240404_135023-gm54aa0v/logs/debug.log
2024-04-04 13:50:23,539 INFO    MainThread:5829 [wandb_init.py:_log_setup():527] Logging internal logs to /home/yash/Desktop/Biorobotics_Lab/moving_mass_RL-master/scripts/wandb/run-20240404_135023-gm54aa0v/logs/debug-internal.log
2024-04-04 13:50:23,539 INFO    MainThread:5829 [wandb_init.py:init():566] calling init triggers
2024-04-04 13:50:23,539 INFO    MainThread:5829 [wandb_init.py:init():574] wandb.init called with sweep_config: {}
config: {'learning_rate': 0.002, 'ent': 0.0001, 'layer size': 256, 'gamma': 0.99, 'lambda': 0.98}
2024-04-04 13:50:23,539 INFO    MainThread:5829 [wandb_init.py:init():616] starting backend
2024-04-04 13:50:23,539 INFO    MainThread:5829 [wandb_init.py:init():620] setting up manager
2024-04-04 13:50:23,545 INFO    MainThread:5829 [backend.py:_multiprocessing_setup():107] multiprocessing start_methods=fork,spawn,forkserver, using: spawn
2024-04-04 13:50:23,550 INFO    MainThread:5829 [wandb_init.py:init():628] backend started and connected
2024-04-04 13:50:23,556 INFO    MainThread:5829 [wandb_init.py:init():720] updated telemetry
2024-04-04 13:50:23,630 INFO    MainThread:5829 [wandb_init.py:init():753] communicating run to backend with 90.0 second timeout
2024-04-04 13:50:23,968 INFO    MainThread:5829 [wandb_run.py:_on_init():2262] communicating current version
2024-04-04 13:50:24,076 INFO    MainThread:5829 [wandb_run.py:_on_init():2271] got version response upgrade_message: "wandb version 0.16.6 is available!  To upgrade, please run:\n $ pip install wandb --upgrade"

2024-04-04 13:50:24,076 INFO    MainThread:5829 [wandb_init.py:init():804] starting run threads in backend
2024-04-04 13:50:25,475 INFO    MainThread:5829 [wandb_run.py:_console_start():2241] atexit reg
2024-04-04 13:50:25,476 INFO    MainThread:5829 [wandb_run.py:_redirect():2096] redirect: wrap_raw
2024-04-04 13:50:25,476 INFO    MainThread:5829 [wandb_run.py:_redirect():2161] Wrapping output streams.
2024-04-04 13:50:25,477 INFO    MainThread:5829 [wandb_run.py:_redirect():2186] Redirects installed.
2024-04-04 13:50:25,478 INFO    MainThread:5829 [wandb_init.py:init():847] run started, returning control to user process
