2024-04-04 15:24:30,107 INFO    MainThread:18062 [wandb_setup.py:_flush():76] Current SDK version is 0.16.4
2024-04-04 15:24:30,108 INFO    MainThread:18062 [wandb_setup.py:_flush():76] Configure stats pid to 18062
2024-04-04 15:24:30,109 INFO    MainThread:18062 [wandb_setup.py:_flush():76] Loading settings from /home/yash/.config/wandb/settings
2024-04-04 15:24:30,109 INFO    MainThread:18062 [wandb_setup.py:_flush():76] Loading settings from /home/yash/Desktop/Biorobotics_Lab/moving_mass_RL-master/scripts/wandb/settings
2024-04-04 15:24:30,109 INFO    MainThread:18062 [wandb_setup.py:_flush():76] Loading settings from environment variables: {}
2024-04-04 15:24:30,109 INFO    MainThread:18062 [wandb_setup.py:_flush():76] Inferring run settings from compute environment: {'program_relpath': 'scripts/main.py', 'program_abspath': '/home/yash/Desktop/Biorobotics_Lab/moving_mass_RL-master/scripts/main.py', 'program': '/home/yash/Desktop/Biorobotics_Lab/moving_mass_RL-master/scripts/main.py'}
2024-04-04 15:24:30,110 INFO    MainThread:18062 [wandb_setup.py:_flush():76] Applying login settings: {'api_key': '***REDACTED***'}
2024-04-04 15:24:30,110 INFO    MainThread:18062 [wandb_setup.py:_flush():76] Applying login settings: {'api_key': '***REDACTED***'}
2024-04-04 15:24:30,111 INFO    MainThread:18062 [wandb_init.py:_log_setup():526] Logging user logs to /home/yash/Desktop/Biorobotics_Lab/moving_mass_RL-master/scripts/wandb/run-20240404_152430-t7lp762p/logs/debug.log
2024-04-04 15:24:30,111 INFO    MainThread:18062 [wandb_init.py:_log_setup():527] Logging internal logs to /home/yash/Desktop/Biorobotics_Lab/moving_mass_RL-master/scripts/wandb/run-20240404_152430-t7lp762p/logs/debug-internal.log
2024-04-04 15:24:30,112 INFO    MainThread:18062 [wandb_init.py:init():566] calling init triggers
2024-04-04 15:24:30,112 INFO    MainThread:18062 [wandb_init.py:init():574] wandb.init called with sweep_config: {}
config: {'learning_rate': 0.002, 'ent': 0.0001, 'layer size': 256, 'gamma': 0.99, 'lambda': 0.98}
2024-04-04 15:24:30,112 INFO    MainThread:18062 [wandb_init.py:init():616] starting backend
2024-04-04 15:24:30,112 INFO    MainThread:18062 [wandb_init.py:init():620] setting up manager
2024-04-04 15:24:30,117 INFO    MainThread:18062 [backend.py:_multiprocessing_setup():107] multiprocessing start_methods=fork,spawn,forkserver, using: spawn
2024-04-04 15:24:30,122 INFO    MainThread:18062 [wandb_init.py:init():628] backend started and connected
2024-04-04 15:24:30,135 INFO    MainThread:18062 [wandb_init.py:init():720] updated telemetry
2024-04-04 15:24:30,255 INFO    MainThread:18062 [wandb_init.py:init():753] communicating run to backend with 90.0 second timeout
2024-04-04 15:24:30,894 INFO    MainThread:18062 [wandb_run.py:_on_init():2262] communicating current version
2024-04-04 15:24:31,121 INFO    MainThread:18062 [wandb_run.py:_on_init():2271] got version response upgrade_message: "wandb version 0.16.6 is available!  To upgrade, please run:\n $ pip install wandb --upgrade"

2024-04-04 15:24:31,121 INFO    MainThread:18062 [wandb_init.py:init():804] starting run threads in backend
2024-04-04 15:24:32,234 INFO    MainThread:18062 [wandb_run.py:_console_start():2241] atexit reg
2024-04-04 15:24:32,234 INFO    MainThread:18062 [wandb_run.py:_redirect():2096] redirect: wrap_raw
2024-04-04 15:24:32,235 INFO    MainThread:18062 [wandb_run.py:_redirect():2161] Wrapping output streams.
2024-04-04 15:24:32,235 INFO    MainThread:18062 [wandb_run.py:_redirect():2186] Redirects installed.
2024-04-04 15:24:32,237 INFO    MainThread:18062 [wandb_init.py:init():847] run started, returning control to user process
