2024-04-08 20:55:59,732 INFO    StreamThr :135879 [internal.py:wandb_internal():89] W&B internal server running at pid: 135879, started at: 2024-04-08 20:55:59.730872
2024-04-08 20:55:59,738 DEBUG   HandlerThread:135879 [handler.py:handle_request():146] handle_request: status
2024-04-08 20:55:59,742 INFO    WriterThread:135879 [datastore.py:open_for_write():87] open: /home/yash/Desktop/Biorobotics_Lab/moving_mass_RL-master/scripts/wandb/run-20240408_205559-d9jfrbkx/run-d9jfrbkx.wandb
2024-04-08 20:55:59,743 DEBUG   SenderThread:135879 [sender.py:send():378] send: header
2024-04-08 20:55:59,818 DEBUG   SenderThread:135879 [sender.py:send():378] send: run
2024-04-08 20:56:00,158 INFO    SenderThread:135879 [dir_watcher.py:__init__():211] watching files in: /home/yash/Desktop/Biorobotics_Lab/moving_mass_RL-master/scripts/wandb/run-20240408_205559-d9jfrbkx/files
2024-04-08 20:56:00,159 INFO    SenderThread:135879 [sender.py:_start_run_threads():1102] run started: d9jfrbkx with start time 1712624159.727196
2024-04-08 20:56:00,171 DEBUG   HandlerThread:135879 [handler.py:handle_request():146] handle_request: check_version
2024-04-08 20:56:00,172 DEBUG   SenderThread:135879 [sender.py:send_request():405] send_request: check_version
2024-04-08 20:56:00,306 DEBUG   HandlerThread:135879 [handler.py:handle_request():146] handle_request: run_start
2024-04-08 20:56:00,321 DEBUG   HandlerThread:135879 [system_info.py:__init__():26] System info init
2024-04-08 20:56:00,321 DEBUG   HandlerThread:135879 [system_info.py:__init__():41] System info init done
2024-04-08 20:56:00,321 INFO    HandlerThread:135879 [system_monitor.py:start():194] Starting system monitor
2024-04-08 20:56:00,322 INFO    HandlerThread:135879 [system_monitor.py:probe():214] Collecting system info
2024-04-08 20:56:00,323 INFO    SystemMonitor:135879 [system_monitor.py:_start():158] Starting system asset monitoring threads
2024-04-08 20:56:00,324 INFO    SystemMonitor:135879 [interfaces.py:start():190] Started cpu monitoring
2024-04-08 20:56:00,326 INFO    SystemMonitor:135879 [interfaces.py:start():190] Started disk monitoring
2024-04-08 20:56:00,331 INFO    SystemMonitor:135879 [interfaces.py:start():190] Started gpu monitoring
2024-04-08 20:56:00,333 INFO    SystemMonitor:135879 [interfaces.py:start():190] Started memory monitoring
2024-04-08 20:56:00,335 INFO    SystemMonitor:135879 [interfaces.py:start():190] Started network monitoring
2024-04-08 20:56:00,392 DEBUG   HandlerThread:135879 [system_info.py:probe():150] Probing system
2024-04-08 20:56:00,401 DEBUG   HandlerThread:135879 [system_info.py:_probe_git():135] Probing git
2024-04-08 20:56:00,425 DEBUG   HandlerThread:135879 [system_info.py:_probe_git():143] Probing git done
2024-04-08 20:56:00,425 DEBUG   HandlerThread:135879 [system_info.py:probe():198] Probing system done
2024-04-08 20:56:00,425 DEBUG   HandlerThread:135879 [system_monitor.py:probe():223] {'os': 'Linux-5.15.0-101-generic-x86_64-with-debian-bullseye-sid', 'python': '3.7.12', 'heartbeatAt': '2024-04-09T00:56:00.393066', 'startedAt': '2024-04-09T00:55:59.714981', 'docker': None, 'cuda': None, 'args': (), 'state': 'running', 'program': '/home/yash/Desktop/Biorobotics_Lab/moving_mass_RL-master/scripts/main.py', 'codePathLocal': 'main.py', 'codePath': 'scripts/main.py', 'git': {'remote': 'https://github.com/beaupollard/moving_mass_RL.git', 'commit': '672d0fcf57a3aaeb2dac940f062eb811ce261c59'}, 'email': 'yprakash@andrew.cmu.edu', 'root': '/home/yash/Desktop/Biorobotics_Lab/moving_mass_RL-master', 'host': 'Yash-G15', 'username': 'yash', 'executable': '/home/yash/miniconda3/envs/rlgpu/bin/python', 'cpu_count': 8, 'cpu_count_logical': 16, 'cpu_freq': {'current': 1738.1435000000001, 'min': 1600.0, 'max': 3300.0}, 'cpu_freq_per_core': [{'current': 1536.699, 'min': 1600.0, 'max': 3300.0}, {'current': 1600.0, 'min': 1600.0, 'max': 3300.0}, {'current': 1462.315, 'min': 1600.0, 'max': 3300.0}, {'current': 1800.0, 'min': 1600.0, 'max': 3300.0}, {'current': 1845.501, 'min': 1600.0, 'max': 3300.0}, {'current': 1600.0, 'min': 1600.0, 'max': 3300.0}, {'current': 1800.0, 'min': 1600.0, 'max': 3300.0}, {'current': 1800.0, 'min': 1600.0, 'max': 3300.0}, {'current': 1800.0, 'min': 1600.0, 'max': 3300.0}, {'current': 1600.0, 'min': 1600.0, 'max': 3300.0}, {'current': 1697.738, 'min': 1600.0, 'max': 3300.0}, {'current': 1600.0, 'min': 1600.0, 'max': 3300.0}, {'current': 1800.0, 'min': 1600.0, 'max': 3300.0}, {'current': 2297.324, 'min': 1600.0, 'max': 3300.0}, {'current': 1982.869, 'min': 1600.0, 'max': 3300.0}, {'current': 1600.0, 'min': 1600.0, 'max': 3300.0}], 'disk': {'/': {'total': 102.09723281860352, 'used': 33.84189987182617}}, 'gpu': 'NVIDIA GeForce RTX 3060 Laptop GPU', 'gpu_count': 1, 'gpu_devices': [{'name': 'NVIDIA GeForce RTX 3060 Laptop GPU', 'memory_total': 6442450944}], 'memory': {'total': 14.859130859375}}
2024-04-08 20:56:00,425 INFO    HandlerThread:135879 [system_monitor.py:probe():224] Finished collecting system info
2024-04-08 20:56:00,425 INFO    HandlerThread:135879 [system_monitor.py:probe():227] Publishing system info
2024-04-08 20:56:00,425 DEBUG   HandlerThread:135879 [system_info.py:_save_conda():208] Saving list of conda packages installed into the current environment
2024-04-08 20:56:01,167 INFO    Thread-17 :135879 [dir_watcher.py:_on_file_created():271] file/dir created: /home/yash/Desktop/Biorobotics_Lab/moving_mass_RL-master/scripts/wandb/run-20240408_205559-d9jfrbkx/files/conda-environment.yaml
2024-04-08 20:56:04,541 DEBUG   HandlerThread:135879 [system_info.py:_save_conda():219] Saving conda packages done
2024-04-08 20:56:04,545 INFO    HandlerThread:135879 [system_monitor.py:probe():229] Finished publishing system info
2024-04-08 20:56:04,566 DEBUG   SenderThread:135879 [sender.py:send():378] send: files
2024-04-08 20:56:04,566 INFO    SenderThread:135879 [sender.py:_save_file():1365] saving file wandb-metadata.json with policy now
2024-04-08 20:56:04,695 DEBUG   HandlerThread:135879 [handler.py:handle_request():146] handle_request: python_packages
2024-04-08 20:56:04,696 DEBUG   SenderThread:135879 [sender.py:send_request():405] send_request: python_packages
2024-04-08 20:56:04,698 DEBUG   HandlerThread:135879 [handler.py:handle_request():146] handle_request: stop_status
2024-04-08 20:56:04,699 DEBUG   SenderThread:135879 [sender.py:send_request():405] send_request: stop_status
2024-04-08 20:56:04,707 DEBUG   HandlerThread:135879 [handler.py:handle_request():146] handle_request: internal_messages
2024-04-08 20:56:05,077 INFO    wandb-upload_0:135879 [upload_job.py:push():131] Uploaded file /tmp/tmp983vli9twandb/bdt8ngg0-wandb-metadata.json
2024-04-08 20:56:05,080 DEBUG   SenderThread:135879 [sender.py:send():378] send: telemetry
2024-04-08 20:56:05,081 DEBUG   HandlerThread:135879 [handler.py:handle_request():146] handle_request: status_report
2024-04-08 20:56:05,164 INFO    Thread-17 :135879 [dir_watcher.py:_on_file_modified():288] file/dir modified: /home/yash/Desktop/Biorobotics_Lab/moving_mass_RL-master/scripts/wandb/run-20240408_205559-d9jfrbkx/files/conda-environment.yaml
2024-04-08 20:56:05,165 INFO    Thread-17 :135879 [dir_watcher.py:_on_file_created():271] file/dir created: /home/yash/Desktop/Biorobotics_Lab/moving_mass_RL-master/scripts/wandb/run-20240408_205559-d9jfrbkx/files/wandb-metadata.json
2024-04-08 20:56:05,165 INFO    Thread-17 :135879 [dir_watcher.py:_on_file_created():271] file/dir created: /home/yash/Desktop/Biorobotics_Lab/moving_mass_RL-master/scripts/wandb/run-20240408_205559-d9jfrbkx/files/output.log
2024-04-08 20:56:05,166 INFO    Thread-17 :135879 [dir_watcher.py:_on_file_created():271] file/dir created: /home/yash/Desktop/Biorobotics_Lab/moving_mass_RL-master/scripts/wandb/run-20240408_205559-d9jfrbkx/files/requirements.txt
2024-04-08 20:56:07,165 INFO    Thread-17 :135879 [dir_watcher.py:_on_file_modified():288] file/dir modified: /home/yash/Desktop/Biorobotics_Lab/moving_mass_RL-master/scripts/wandb/run-20240408_205559-d9jfrbkx/files/output.log
2024-04-08 20:56:10,085 DEBUG   HandlerThread:135879 [handler.py:handle_request():146] handle_request: status_report
2024-04-08 20:56:15,087 DEBUG   HandlerThread:135879 [handler.py:handle_request():146] handle_request: status_report
2024-04-08 20:56:19,698 DEBUG   HandlerThread:135879 [handler.py:handle_request():146] handle_request: stop_status
2024-04-08 20:56:19,700 DEBUG   SenderThread:135879 [sender.py:send_request():405] send_request: stop_status
2024-04-08 20:56:19,706 DEBUG   HandlerThread:135879 [handler.py:handle_request():146] handle_request: internal_messages
2024-04-08 20:56:20,960 DEBUG   HandlerThread:135879 [handler.py:handle_request():146] handle_request: status_report
2024-04-08 20:56:25,962 DEBUG   HandlerThread:135879 [handler.py:handle_request():146] handle_request: status_report
2024-04-08 20:56:30,969 DEBUG   HandlerThread:135879 [handler.py:handle_request():146] handle_request: status_report
2024-04-08 20:56:31,190 INFO    Thread-17 :135879 [dir_watcher.py:_on_file_modified():288] file/dir modified: /home/yash/Desktop/Biorobotics_Lab/moving_mass_RL-master/scripts/wandb/run-20240408_205559-d9jfrbkx/files/config.yaml
2024-04-08 20:56:34,698 DEBUG   HandlerThread:135879 [handler.py:handle_request():146] handle_request: stop_status
2024-04-08 20:56:34,699 DEBUG   SenderThread:135879 [sender.py:send_request():405] send_request: stop_status
2024-04-08 20:56:34,741 DEBUG   HandlerThread:135879 [handler.py:handle_request():146] handle_request: internal_messages
2024-04-08 20:56:36,955 DEBUG   HandlerThread:135879 [handler.py:handle_request():146] handle_request: status_report
2024-04-08 20:56:41,958 DEBUG   HandlerThread:135879 [handler.py:handle_request():146] handle_request: status_report
2024-04-08 20:56:46,961 DEBUG   HandlerThread:135879 [handler.py:handle_request():146] handle_request: status_report
2024-04-08 20:56:49,700 DEBUG   HandlerThread:135879 [handler.py:handle_request():146] handle_request: stop_status
2024-04-08 20:56:49,701 DEBUG   SenderThread:135879 [sender.py:send_request():405] send_request: stop_status
2024-04-08 20:56:49,745 DEBUG   HandlerThread:135879 [handler.py:handle_request():146] handle_request: internal_messages
2024-04-08 20:56:52,879 DEBUG   HandlerThread:135879 [handler.py:handle_request():146] handle_request: status_report
2024-04-08 20:56:57,881 DEBUG   HandlerThread:135879 [handler.py:handle_request():146] handle_request: status_report
2024-04-08 20:57:00,336 DEBUG   SystemMonitor:135879 [system_monitor.py:_start():172] Starting system metrics aggregation loop
2024-04-08 20:57:00,339 DEBUG   SenderThread:135879 [sender.py:send():378] send: stats
2024-04-08 20:57:03,341 DEBUG   HandlerThread:135879 [handler.py:handle_request():146] handle_request: status_report
2024-04-08 20:57:04,699 DEBUG   HandlerThread:135879 [handler.py:handle_request():146] handle_request: stop_status
2024-04-08 20:57:04,700 DEBUG   SenderThread:135879 [sender.py:send_request():405] send_request: stop_status
2024-04-08 20:57:04,741 DEBUG   HandlerThread:135879 [handler.py:handle_request():146] handle_request: internal_messages
2024-04-08 20:57:08,900 DEBUG   HandlerThread:135879 [handler.py:handle_request():146] handle_request: status_report
2024-04-08 20:57:13,901 DEBUG   HandlerThread:135879 [handler.py:handle_request():146] handle_request: status_report
2024-04-08 20:57:18,904 DEBUG   HandlerThread:135879 [handler.py:handle_request():146] handle_request: status_report
2024-04-08 20:57:19,700 DEBUG   HandlerThread:135879 [handler.py:handle_request():146] handle_request: stop_status
2024-04-08 20:57:19,701 DEBUG   SenderThread:135879 [sender.py:send_request():405] send_request: stop_status
2024-04-08 20:57:19,741 DEBUG   HandlerThread:135879 [handler.py:handle_request():146] handle_request: internal_messages
2024-04-08 20:57:24,874 DEBUG   HandlerThread:135879 [handler.py:handle_request():146] handle_request: status_report
2024-04-08 20:57:29,877 DEBUG   HandlerThread:135879 [handler.py:handle_request():146] handle_request: status_report
2024-04-08 20:57:30,343 DEBUG   SenderThread:135879 [sender.py:send():378] send: stats
2024-04-08 20:57:34,700 DEBUG   HandlerThread:135879 [handler.py:handle_request():146] handle_request: stop_status
2024-04-08 20:57:34,701 DEBUG   SenderThread:135879 [sender.py:send_request():405] send_request: stop_status
2024-04-08 20:57:34,741 DEBUG   HandlerThread:135879 [handler.py:handle_request():146] handle_request: internal_messages
2024-04-08 20:57:34,997 DEBUG   HandlerThread:135879 [handler.py:handle_request():146] handle_request: status_report
2024-04-08 20:57:40,000 DEBUG   HandlerThread:135879 [handler.py:handle_request():146] handle_request: status_report
2024-04-08 20:57:45,001 DEBUG   HandlerThread:135879 [handler.py:handle_request():146] handle_request: status_report
2024-04-08 20:57:49,700 DEBUG   HandlerThread:135879 [handler.py:handle_request():146] handle_request: stop_status
2024-04-08 20:57:49,702 DEBUG   SenderThread:135879 [sender.py:send_request():405] send_request: stop_status
2024-04-08 20:57:49,741 DEBUG   HandlerThread:135879 [handler.py:handle_request():146] handle_request: internal_messages
2024-04-08 20:57:50,832 DEBUG   HandlerThread:135879 [handler.py:handle_request():146] handle_request: status_report
2024-04-08 20:57:55,835 DEBUG   HandlerThread:135879 [handler.py:handle_request():146] handle_request: status_report
2024-04-08 20:58:00,346 DEBUG   SenderThread:135879 [sender.py:send():378] send: stats
2024-04-08 20:58:01,348 DEBUG   HandlerThread:135879 [handler.py:handle_request():146] handle_request: status_report
2024-04-08 20:58:04,702 DEBUG   HandlerThread:135879 [handler.py:handle_request():146] handle_request: stop_status
2024-04-08 20:58:04,703 DEBUG   SenderThread:135879 [sender.py:send_request():405] send_request: stop_status
2024-04-08 20:58:04,745 DEBUG   HandlerThread:135879 [handler.py:handle_request():146] handle_request: internal_messages
2024-04-08 20:58:06,883 DEBUG   HandlerThread:135879 [handler.py:handle_request():146] handle_request: status_report
2024-04-08 20:58:11,885 DEBUG   HandlerThread:135879 [handler.py:handle_request():146] handle_request: status_report
2024-04-08 20:58:16,887 DEBUG   HandlerThread:135879 [handler.py:handle_request():146] handle_request: status_report
2024-04-08 20:58:19,701 DEBUG   HandlerThread:135879 [handler.py:handle_request():146] handle_request: stop_status
2024-04-08 20:58:19,702 DEBUG   SenderThread:135879 [sender.py:send_request():405] send_request: stop_status
2024-04-08 20:58:19,745 DEBUG   HandlerThread:135879 [handler.py:handle_request():146] handle_request: internal_messages
2024-04-08 20:58:22,797 DEBUG   HandlerThread:135879 [handler.py:handle_request():146] handle_request: status_report
2024-04-08 20:58:27,799 DEBUG   HandlerThread:135879 [handler.py:handle_request():146] handle_request: status_report
2024-04-08 20:58:30,348 DEBUG   SenderThread:135879 [sender.py:send():378] send: stats
2024-04-08 20:58:33,351 DEBUG   HandlerThread:135879 [handler.py:handle_request():146] handle_request: status_report
2024-04-08 20:58:34,702 DEBUG   HandlerThread:135879 [handler.py:handle_request():146] handle_request: stop_status
2024-04-08 20:58:34,703 DEBUG   SenderThread:135879 [sender.py:send_request():405] send_request: stop_status
2024-04-08 20:58:34,746 DEBUG   HandlerThread:135879 [handler.py:handle_request():146] handle_request: internal_messages
2024-04-08 20:58:38,902 DEBUG   HandlerThread:135879 [handler.py:handle_request():146] handle_request: status_report
2024-04-08 20:58:43,904 DEBUG   HandlerThread:135879 [handler.py:handle_request():146] handle_request: status_report
2024-04-08 20:58:48,905 DEBUG   HandlerThread:135879 [handler.py:handle_request():146] handle_request: status_report
2024-04-08 20:58:49,702 DEBUG   HandlerThread:135879 [handler.py:handle_request():146] handle_request: stop_status
2024-04-08 20:58:49,703 DEBUG   SenderThread:135879 [sender.py:send_request():405] send_request: stop_status
2024-04-08 20:58:49,745 DEBUG   HandlerThread:135879 [handler.py:handle_request():146] handle_request: internal_messages
2024-04-08 20:58:53,962 DEBUG   HandlerThread:135879 [handler.py:handle_request():146] handle_request: status_report
2024-04-08 20:58:58,964 DEBUG   HandlerThread:135879 [handler.py:handle_request():146] handle_request: status_report
2024-04-08 20:59:00,351 DEBUG   SenderThread:135879 [sender.py:send():378] send: stats
2024-04-08 20:59:04,353 DEBUG   HandlerThread:135879 [handler.py:handle_request():146] handle_request: status_report
2024-04-08 20:59:04,702 DEBUG   HandlerThread:135879 [handler.py:handle_request():146] handle_request: stop_status
2024-04-08 20:59:04,703 DEBUG   SenderThread:135879 [sender.py:send_request():405] send_request: stop_status
2024-04-08 20:59:04,745 DEBUG   HandlerThread:135879 [handler.py:handle_request():146] handle_request: internal_messages
2024-04-08 20:59:09,873 DEBUG   HandlerThread:135879 [handler.py:handle_request():146] handle_request: status_report
2024-04-08 20:59:14,876 DEBUG   HandlerThread:135879 [handler.py:handle_request():146] handle_request: status_report
2024-04-08 20:59:19,706 DEBUG   HandlerThread:135879 [handler.py:handle_request():146] handle_request: internal_messages
2024-04-08 20:59:19,708 DEBUG   HandlerThread:135879 [handler.py:handle_request():146] handle_request: stop_status
2024-04-08 20:59:19,709 DEBUG   SenderThread:135879 [sender.py:send_request():405] send_request: stop_status
2024-04-08 20:59:19,890 DEBUG   HandlerThread:135879 [handler.py:handle_request():146] handle_request: status_report
2024-04-08 20:59:24,893 DEBUG   HandlerThread:135879 [handler.py:handle_request():146] handle_request: status_report
2024-04-08 20:59:29,894 DEBUG   HandlerThread:135879 [handler.py:handle_request():146] handle_request: status_report
2024-04-08 20:59:30,354 DEBUG   SenderThread:135879 [sender.py:send():378] send: stats
2024-04-08 20:59:34,706 DEBUG   HandlerThread:135879 [handler.py:handle_request():146] handle_request: stop_status
2024-04-08 20:59:34,706 DEBUG   SenderThread:135879 [sender.py:send_request():405] send_request: stop_status
2024-04-08 20:59:34,749 DEBUG   HandlerThread:135879 [handler.py:handle_request():146] handle_request: internal_messages
2024-04-08 20:59:35,834 DEBUG   HandlerThread:135879 [handler.py:handle_request():146] handle_request: status_report
2024-04-08 20:59:40,835 DEBUG   HandlerThread:135879 [handler.py:handle_request():146] handle_request: status_report
2024-04-08 20:59:45,837 DEBUG   HandlerThread:135879 [handler.py:handle_request():146] handle_request: status_report
2024-04-08 20:59:49,707 DEBUG   HandlerThread:135879 [handler.py:handle_request():146] handle_request: stop_status
2024-04-08 20:59:49,708 DEBUG   HandlerThread:135879 [handler.py:handle_request():146] handle_request: internal_messages
2024-04-08 20:59:49,709 DEBUG   SenderThread:135879 [sender.py:send_request():405] send_request: stop_status
2024-04-08 20:59:51,832 DEBUG   HandlerThread:135879 [handler.py:handle_request():146] handle_request: status_report
2024-04-08 20:59:56,835 DEBUG   HandlerThread:135879 [handler.py:handle_request():146] handle_request: status_report
2024-04-08 21:00:00,356 DEBUG   SenderThread:135879 [sender.py:send():378] send: stats
2024-04-08 21:00:02,358 DEBUG   HandlerThread:135879 [handler.py:handle_request():146] handle_request: status_report
2024-04-08 21:00:04,704 DEBUG   HandlerThread:135879 [handler.py:handle_request():146] handle_request: stop_status
2024-04-08 21:00:04,705 DEBUG   SenderThread:135879 [sender.py:send_request():405] send_request: stop_status
2024-04-08 21:00:04,749 DEBUG   HandlerThread:135879 [handler.py:handle_request():146] handle_request: internal_messages
2024-04-08 21:00:07,853 DEBUG   HandlerThread:135879 [handler.py:handle_request():146] handle_request: status_report
2024-04-08 21:00:12,854 DEBUG   HandlerThread:135879 [handler.py:handle_request():146] handle_request: status_report
