2024-04-04 15:22:36,242 INFO    StreamThr :17665 [internal.py:wandb_internal():89] W&B internal server running at pid: 17665, started at: 2024-04-04 15:22:36.241014
2024-04-04 15:22:36,246 DEBUG   HandlerThread:17665 [handler.py:handle_request():146] handle_request: status
2024-04-04 15:22:36,251 INFO    WriterThread:17665 [datastore.py:open_for_write():87] open: /home/yash/Desktop/Biorobotics_Lab/moving_mass_RL-master/scripts/wandb/run-20240404_152236-77w2wo64/run-77w2wo64.wandb
2024-04-04 15:22:36,255 DEBUG   SenderThread:17665 [sender.py:send():378] send: header
2024-04-04 15:22:36,306 DEBUG   SenderThread:17665 [sender.py:send():378] send: run
2024-04-04 15:22:36,622 INFO    SenderThread:17665 [dir_watcher.py:__init__():211] watching files in: /home/yash/Desktop/Biorobotics_Lab/moving_mass_RL-master/scripts/wandb/run-20240404_152236-77w2wo64/files
2024-04-04 15:22:36,623 INFO    SenderThread:17665 [sender.py:_start_run_threads():1102] run started: 77w2wo64 with start time 1712258556.241155
2024-04-04 15:22:36,635 DEBUG   HandlerThread:17665 [handler.py:handle_request():146] handle_request: check_version
2024-04-04 15:22:36,636 DEBUG   SenderThread:17665 [sender.py:send_request():405] send_request: check_version
2024-04-04 15:22:36,758 DEBUG   HandlerThread:17665 [handler.py:handle_request():146] handle_request: run_start
2024-04-04 15:22:36,771 DEBUG   HandlerThread:17665 [system_info.py:__init__():26] System info init
2024-04-04 15:22:36,772 DEBUG   HandlerThread:17665 [system_info.py:__init__():41] System info init done
2024-04-04 15:22:36,772 INFO    HandlerThread:17665 [system_monitor.py:start():194] Starting system monitor
2024-04-04 15:22:36,773 INFO    SystemMonitor:17665 [system_monitor.py:_start():158] Starting system asset monitoring threads
2024-04-04 15:22:36,774 INFO    HandlerThread:17665 [system_monitor.py:probe():214] Collecting system info
2024-04-04 15:22:36,776 INFO    SystemMonitor:17665 [interfaces.py:start():190] Started cpu monitoring
2024-04-04 15:22:36,780 INFO    SystemMonitor:17665 [interfaces.py:start():190] Started disk monitoring
2024-04-04 15:22:36,784 INFO    SystemMonitor:17665 [interfaces.py:start():190] Started gpu monitoring
2024-04-04 15:22:36,786 INFO    SystemMonitor:17665 [interfaces.py:start():190] Started memory monitoring
2024-04-04 15:22:36,787 INFO    SystemMonitor:17665 [interfaces.py:start():190] Started network monitoring
2024-04-04 15:22:36,834 DEBUG   HandlerThread:17665 [system_info.py:probe():150] Probing system
2024-04-04 15:22:36,843 DEBUG   HandlerThread:17665 [system_info.py:_probe_git():135] Probing git
2024-04-04 15:22:36,858 DEBUG   HandlerThread:17665 [system_info.py:_probe_git():143] Probing git done
2024-04-04 15:22:36,858 DEBUG   HandlerThread:17665 [system_info.py:probe():198] Probing system done
2024-04-04 15:22:36,858 DEBUG   HandlerThread:17665 [system_monitor.py:probe():223] {'os': 'Linux-5.15.0-101-generic-x86_64-with-debian-bullseye-sid', 'python': '3.7.12', 'heartbeatAt': '2024-04-04T19:22:36.834409', 'startedAt': '2024-04-04T19:22:36.228389', 'docker': None, 'cuda': None, 'args': (), 'state': 'running', 'program': '/home/yash/Desktop/Biorobotics_Lab/moving_mass_RL-master/scripts/main.py', 'codePathLocal': 'main.py', 'codePath': 'scripts/main.py', 'git': {'remote': 'https://github.com/beaupollard/moving_mass_RL.git', 'commit': '672d0fcf57a3aaeb2dac940f062eb811ce261c59'}, 'email': 'yprakash@andrew.cmu.edu', 'root': '/home/yash/Desktop/Biorobotics_Lab/moving_mass_RL-master', 'host': 'Yash-G15', 'username': 'yash', 'executable': '/home/yash/miniconda3/envs/rlgpu/bin/python', 'cpu_count': 8, 'cpu_count_logical': 16, 'cpu_freq': {'current': 1802.559, 'min': 1600.0, 'max': 3300.0}, 'cpu_freq_per_core': [{'current': 1800.0, 'min': 1600.0, 'max': 3300.0}, {'current': 1800.0, 'min': 1600.0, 'max': 3300.0}, {'current': 1800.0, 'min': 1600.0, 'max': 3300.0}, {'current': 1600.0, 'min': 1600.0, 'max': 3300.0}, {'current': 1633.724, 'min': 1600.0, 'max': 3300.0}, {'current': 1600.0, 'min': 1600.0, 'max': 3300.0}, {'current': 1800.0, 'min': 1600.0, 'max': 3300.0}, {'current': 1800.0, 'min': 1600.0, 'max': 3300.0}, {'current': 1800.0, 'min': 1600.0, 'max': 3300.0}, {'current': 1600.0, 'min': 1600.0, 'max': 3300.0}, {'current': 1800.0, 'min': 1600.0, 'max': 3300.0}, {'current': 1800.0, 'min': 1600.0, 'max': 3300.0}, {'current': 1600.0, 'min': 1600.0, 'max': 3300.0}, {'current': 1600.0, 'min': 1600.0, 'max': 3300.0}, {'current': 1800.0, 'min': 1600.0, 'max': 3300.0}, {'current': 1800.0, 'min': 1600.0, 'max': 3300.0}], 'disk': {'/': {'total': 102.09723281860352, 'used': 33.92977523803711}}, 'gpu': 'NVIDIA GeForce RTX 3060 Laptop GPU', 'gpu_count': 1, 'gpu_devices': [{'name': 'NVIDIA GeForce RTX 3060 Laptop GPU', 'memory_total': 6442450944}], 'memory': {'total': 14.859134674072266}}
2024-04-04 15:22:36,858 INFO    HandlerThread:17665 [system_monitor.py:probe():224] Finished collecting system info
2024-04-04 15:22:36,858 INFO    HandlerThread:17665 [system_monitor.py:probe():227] Publishing system info
2024-04-04 15:22:36,859 DEBUG   HandlerThread:17665 [system_info.py:_save_conda():208] Saving list of conda packages installed into the current environment
2024-04-04 15:22:37,626 INFO    Thread-17 :17665 [dir_watcher.py:_on_file_created():271] file/dir created: /home/yash/Desktop/Biorobotics_Lab/moving_mass_RL-master/scripts/wandb/run-20240404_152236-77w2wo64/files/conda-environment.yaml
2024-04-04 15:22:39,066 DEBUG   HandlerThread:17665 [system_info.py:_save_conda():219] Saving conda packages done
2024-04-04 15:22:39,070 INFO    HandlerThread:17665 [system_monitor.py:probe():229] Finished publishing system info
2024-04-04 15:22:39,082 DEBUG   SenderThread:17665 [sender.py:send():378] send: files
2024-04-04 15:22:39,082 INFO    SenderThread:17665 [sender.py:_save_file():1365] saving file wandb-metadata.json with policy now
2024-04-04 15:22:39,240 DEBUG   HandlerThread:17665 [handler.py:handle_request():146] handle_request: python_packages
2024-04-04 15:22:39,240 DEBUG   SenderThread:17665 [sender.py:send_request():405] send_request: python_packages
2024-04-04 15:22:39,241 DEBUG   HandlerThread:17665 [handler.py:handle_request():146] handle_request: stop_status
2024-04-04 15:22:39,242 DEBUG   SenderThread:17665 [sender.py:send_request():405] send_request: stop_status
2024-04-04 15:22:39,248 DEBUG   HandlerThread:17665 [handler.py:handle_request():146] handle_request: internal_messages
2024-04-04 15:22:39,457 DEBUG   SenderThread:17665 [sender.py:send():378] send: telemetry
2024-04-04 15:22:39,625 INFO    wandb-upload_0:17665 [upload_job.py:push():131] Uploaded file /tmp/tmp92kzsi2ewandb/ehpo6sf5-wandb-metadata.json
2024-04-04 15:22:39,627 INFO    Thread-17 :17665 [dir_watcher.py:_on_file_modified():288] file/dir modified: /home/yash/Desktop/Biorobotics_Lab/moving_mass_RL-master/scripts/wandb/run-20240404_152236-77w2wo64/files/conda-environment.yaml
2024-04-04 15:22:39,628 INFO    Thread-17 :17665 [dir_watcher.py:_on_file_created():271] file/dir created: /home/yash/Desktop/Biorobotics_Lab/moving_mass_RL-master/scripts/wandb/run-20240404_152236-77w2wo64/files/requirements.txt
2024-04-04 15:22:39,628 INFO    Thread-17 :17665 [dir_watcher.py:_on_file_created():271] file/dir created: /home/yash/Desktop/Biorobotics_Lab/moving_mass_RL-master/scripts/wandb/run-20240404_152236-77w2wo64/files/wandb-metadata.json
2024-04-04 15:22:41,459 DEBUG   HandlerThread:17665 [handler.py:handle_request():146] handle_request: status_report
2024-04-04 15:22:46,460 DEBUG   HandlerThread:17665 [handler.py:handle_request():146] handle_request: status_report
2024-04-04 15:22:51,461 DEBUG   HandlerThread:17665 [handler.py:handle_request():146] handle_request: status_report
2024-04-04 15:22:54,254 DEBUG   HandlerThread:17665 [handler.py:handle_request():146] handle_request: internal_messages
2024-04-04 15:22:54,254 DEBUG   HandlerThread:17665 [handler.py:handle_request():146] handle_request: stop_status
2024-04-04 15:22:54,255 DEBUG   SenderThread:17665 [sender.py:send_request():405] send_request: stop_status
2024-04-04 15:22:57,354 DEBUG   HandlerThread:17665 [handler.py:handle_request():146] handle_request: status_report
2024-04-04 15:23:02,355 DEBUG   HandlerThread:17665 [handler.py:handle_request():146] handle_request: status_report
2024-04-04 15:23:07,361 DEBUG   HandlerThread:17665 [handler.py:handle_request():146] handle_request: status_report
2024-04-04 15:23:07,643 INFO    Thread-17 :17665 [dir_watcher.py:_on_file_modified():288] file/dir modified: /home/yash/Desktop/Biorobotics_Lab/moving_mass_RL-master/scripts/wandb/run-20240404_152236-77w2wo64/files/config.yaml
2024-04-04 15:23:09,265 DEBUG   HandlerThread:17665 [handler.py:handle_request():146] handle_request: stop_status
2024-04-04 15:23:09,266 DEBUG   SenderThread:17665 [sender.py:send_request():405] send_request: stop_status
2024-04-04 15:23:09,307 DEBUG   HandlerThread:17665 [handler.py:handle_request():146] handle_request: internal_messages
2024-04-04 15:23:13,418 DEBUG   HandlerThread:17665 [handler.py:handle_request():146] handle_request: status_report
2024-04-04 15:23:18,419 DEBUG   HandlerThread:17665 [handler.py:handle_request():146] handle_request: status_report
2024-04-04 15:23:19,649 INFO    Thread-17 :17665 [dir_watcher.py:_on_file_created():271] file/dir created: /home/yash/Desktop/Biorobotics_Lab/moving_mass_RL-master/scripts/wandb/run-20240404_152236-77w2wo64/files/output.log
2024-04-04 15:23:21,652 INFO    Thread-17 :17665 [dir_watcher.py:_on_file_modified():288] file/dir modified: /home/yash/Desktop/Biorobotics_Lab/moving_mass_RL-master/scripts/wandb/run-20240404_152236-77w2wo64/files/output.log
2024-04-04 15:23:23,933 DEBUG   HandlerThread:17665 [handler.py:handle_request():146] handle_request: status_report
2024-04-04 15:23:24,280 DEBUG   HandlerThread:17665 [handler.py:handle_request():146] handle_request: internal_messages
2024-04-04 15:23:24,280 DEBUG   HandlerThread:17665 [handler.py:handle_request():146] handle_request: stop_status
2024-04-04 15:23:24,282 DEBUG   SenderThread:17665 [sender.py:send_request():405] send_request: stop_status
2024-04-04 15:23:29,492 DEBUG   HandlerThread:17665 [handler.py:handle_request():146] handle_request: status_report
2024-04-04 15:23:34,493 DEBUG   HandlerThread:17665 [handler.py:handle_request():146] handle_request: status_report
2024-04-04 15:23:36,788 DEBUG   SystemMonitor:17665 [system_monitor.py:_start():172] Starting system metrics aggregation loop
2024-04-04 15:23:36,791 DEBUG   SenderThread:17665 [sender.py:send():378] send: stats
2024-04-04 15:23:39,285 DEBUG   HandlerThread:17665 [handler.py:handle_request():146] handle_request: internal_messages
2024-04-04 15:23:39,286 DEBUG   HandlerThread:17665 [handler.py:handle_request():146] handle_request: stop_status
2024-04-04 15:23:39,287 DEBUG   SenderThread:17665 [sender.py:send_request():405] send_request: stop_status
2024-04-04 15:23:40,465 DEBUG   HandlerThread:17665 [handler.py:handle_request():146] handle_request: status_report
2024-04-04 15:23:45,466 DEBUG   HandlerThread:17665 [handler.py:handle_request():146] handle_request: status_report
2024-04-04 15:23:50,467 DEBUG   HandlerThread:17665 [handler.py:handle_request():146] handle_request: status_report
2024-04-04 15:23:54,285 DEBUG   HandlerThread:17665 [handler.py:handle_request():146] handle_request: internal_messages
2024-04-04 15:23:54,286 DEBUG   HandlerThread:17665 [handler.py:handle_request():146] handle_request: stop_status
2024-04-04 15:23:54,286 DEBUG   SenderThread:17665 [sender.py:send_request():405] send_request: stop_status
2024-04-04 15:23:55,583 DEBUG   HandlerThread:17665 [handler.py:handle_request():146] handle_request: status_report
2024-04-04 15:24:00,619 DEBUG   HandlerThread:17665 [handler.py:handle_request():146] handle_request: status_report
2024-04-04 15:24:01,679 INFO    Thread-17 :17665 [dir_watcher.py:_on_file_modified():288] file/dir modified: /home/yash/Desktop/Biorobotics_Lab/moving_mass_RL-master/scripts/wandb/run-20240404_152236-77w2wo64/files/output.log
