2024-04-24 01:00:57,557 INFO    StreamThr :8128 [internal.py:wandb_internal():89] W&B internal server running at pid: 8128, started at: 2024-04-24 01:00:57.557138
2024-04-24 01:00:57,564 DEBUG   HandlerThread:8128 [handler.py:handle_request():146] handle_request: status
2024-04-24 01:00:57,568 INFO    WriterThread:8128 [datastore.py:open_for_write():87] open: /home/yash/Desktop/Biorobotics_Lab/moving_mass_RL-master/scripts/wandb/run-20240424_010057-33v1h1lq/run-33v1h1lq.wandb
2024-04-24 01:00:57,570 DEBUG   SenderThread:8128 [sender.py:send():378] send: header
2024-04-24 01:00:57,686 DEBUG   SenderThread:8128 [sender.py:send():378] send: run
2024-04-24 01:00:58,937 INFO    SenderThread:8128 [dir_watcher.py:__init__():211] watching files in: /home/yash/Desktop/Biorobotics_Lab/moving_mass_RL-master/scripts/wandb/run-20240424_010057-33v1h1lq/files
2024-04-24 01:00:58,937 INFO    SenderThread:8128 [sender.py:_start_run_threads():1102] run started: 33v1h1lq with start time 1713934857.555886
2024-04-24 01:00:58,942 DEBUG   HandlerThread:8128 [handler.py:handle_request():146] handle_request: check_version
2024-04-24 01:00:58,942 DEBUG   SenderThread:8128 [sender.py:send_request():405] send_request: check_version
2024-04-24 01:00:59,038 DEBUG   HandlerThread:8128 [handler.py:handle_request():146] handle_request: run_start
2024-04-24 01:00:59,178 DEBUG   HandlerThread:8128 [system_info.py:__init__():26] System info init
2024-04-24 01:00:59,178 DEBUG   HandlerThread:8128 [system_info.py:__init__():41] System info init done
2024-04-24 01:00:59,178 INFO    HandlerThread:8128 [system_monitor.py:start():194] Starting system monitor
2024-04-24 01:00:59,179 INFO    HandlerThread:8128 [system_monitor.py:probe():214] Collecting system info
2024-04-24 01:00:59,180 INFO    SystemMonitor:8128 [system_monitor.py:_start():158] Starting system asset monitoring threads
2024-04-24 01:00:59,183 INFO    SystemMonitor:8128 [interfaces.py:start():190] Started cpu monitoring
2024-04-24 01:00:59,186 INFO    SystemMonitor:8128 [interfaces.py:start():190] Started disk monitoring
2024-04-24 01:00:59,190 INFO    SystemMonitor:8128 [interfaces.py:start():190] Started gpu monitoring
2024-04-24 01:00:59,192 INFO    SystemMonitor:8128 [interfaces.py:start():190] Started memory monitoring
2024-04-24 01:00:59,193 INFO    SystemMonitor:8128 [interfaces.py:start():190] Started network monitoring
2024-04-24 01:00:59,264 DEBUG   HandlerThread:8128 [system_info.py:probe():150] Probing system
2024-04-24 01:00:59,277 DEBUG   HandlerThread:8128 [system_info.py:_probe_git():135] Probing git
2024-04-24 01:00:59,297 DEBUG   HandlerThread:8128 [system_info.py:_probe_git():143] Probing git done
2024-04-24 01:00:59,298 DEBUG   HandlerThread:8128 [system_info.py:probe():198] Probing system done
2024-04-24 01:00:59,298 DEBUG   HandlerThread:8128 [system_monitor.py:probe():223] {'os': 'Linux-5.15.0-105-generic-x86_64-with-debian-bullseye-sid', 'python': '3.7.12', 'heartbeatAt': '2024-04-24T05:00:59.264471', 'startedAt': '2024-04-24T05:00:57.538935', 'docker': None, 'cuda': None, 'args': (), 'state': 'running', 'program': '/home/yash/Desktop/Biorobotics_Lab/moving_mass_RL-master/scripts/main.py', 'codePathLocal': 'main.py', 'codePath': 'scripts/main.py', 'git': {'remote': 'https://github.com/beaupollard/moving_mass_RL.git', 'commit': '672d0fcf57a3aaeb2dac940f062eb811ce261c59'}, 'email': 'yprakash@andrew.cmu.edu', 'root': '/home/yash/Desktop/Biorobotics_Lab/moving_mass_RL-master', 'host': 'Yash-G15', 'username': 'yash', 'executable': '/home/yash/miniconda3/envs/rlgpu/bin/python', 'cpu_count': 8, 'cpu_count_logical': 16, 'cpu_freq': {'current': 1911.757625, 'min': 1600.0, 'max': 3300.0}, 'cpu_freq_per_core': [{'current': 1800.0, 'min': 1600.0, 'max': 3300.0}, {'current': 1800.0, 'min': 1600.0, 'max': 3300.0}, {'current': 1713.779, 'min': 1600.0, 'max': 3300.0}, {'current': 1600.0, 'min': 1600.0, 'max': 3300.0}, {'current': 1800.0, 'min': 1600.0, 'max': 3300.0}, {'current': 1800.0, 'min': 1600.0, 'max': 3300.0}, {'current': 1800.0, 'min': 1600.0, 'max': 3300.0}, {'current': 1600.0, 'min': 1600.0, 'max': 3300.0}, {'current': 1600.0, 'min': 1600.0, 'max': 3300.0}, {'current': 1800.0, 'min': 1600.0, 'max': 3300.0}, {'current': 1800.0, 'min': 1600.0, 'max': 3300.0}, {'current': 1600.0, 'min': 1600.0, 'max': 3300.0}, {'current': 1800.0, 'min': 1600.0, 'max': 3300.0}, {'current': 1600.0, 'min': 1600.0, 'max': 3300.0}, {'current': 1564.193, 'min': 1600.0, 'max': 3300.0}, {'current': 1600.0, 'min': 1600.0, 'max': 3300.0}], 'disk': {'/': {'total': 102.09723281860352, 'used': 33.83826446533203}}, 'gpu': 'NVIDIA GeForce RTX 3060 Laptop GPU', 'gpu_count': 1, 'gpu_devices': [{'name': 'NVIDIA GeForce RTX 3060 Laptop GPU', 'memory_total': 6442450944}], 'memory': {'total': 14.859138488769531}}
2024-04-24 01:00:59,298 INFO    HandlerThread:8128 [system_monitor.py:probe():224] Finished collecting system info
2024-04-24 01:00:59,298 INFO    HandlerThread:8128 [system_monitor.py:probe():227] Publishing system info
2024-04-24 01:00:59,298 DEBUG   HandlerThread:8128 [system_info.py:_save_conda():208] Saving list of conda packages installed into the current environment
2024-04-24 01:00:59,947 INFO    Thread-17 :8128 [dir_watcher.py:_on_file_created():271] file/dir created: /home/yash/Desktop/Biorobotics_Lab/moving_mass_RL-master/scripts/wandb/run-20240424_010057-33v1h1lq/files/conda-environment.yaml
2024-04-24 01:01:00,503 DEBUG   HandlerThread:8128 [system_info.py:_save_conda():219] Saving conda packages done
2024-04-24 01:01:00,505 INFO    HandlerThread:8128 [system_monitor.py:probe():229] Finished publishing system info
2024-04-24 01:01:00,662 DEBUG   SenderThread:8128 [sender.py:send():378] send: files
2024-04-24 01:01:00,662 INFO    SenderThread:8128 [sender.py:_save_file():1365] saving file wandb-metadata.json with policy now
2024-04-24 01:01:00,811 DEBUG   HandlerThread:8128 [handler.py:handle_request():146] handle_request: python_packages
2024-04-24 01:01:00,813 DEBUG   SenderThread:8128 [sender.py:send_request():405] send_request: python_packages
2024-04-24 01:01:00,813 DEBUG   HandlerThread:8128 [handler.py:handle_request():146] handle_request: stop_status
2024-04-24 01:01:00,814 DEBUG   SenderThread:8128 [sender.py:send_request():405] send_request: stop_status
2024-04-24 01:01:00,819 DEBUG   HandlerThread:8128 [handler.py:handle_request():146] handle_request: internal_messages
2024-04-24 01:01:00,911 DEBUG   SenderThread:8128 [sender.py:send():378] send: telemetry
2024-04-24 01:01:00,939 INFO    Thread-17 :8128 [dir_watcher.py:_on_file_modified():288] file/dir modified: /home/yash/Desktop/Biorobotics_Lab/moving_mass_RL-master/scripts/wandb/run-20240424_010057-33v1h1lq/files/conda-environment.yaml
2024-04-24 01:01:00,940 INFO    Thread-17 :8128 [dir_watcher.py:_on_file_created():271] file/dir created: /home/yash/Desktop/Biorobotics_Lab/moving_mass_RL-master/scripts/wandb/run-20240424_010057-33v1h1lq/files/requirements.txt
2024-04-24 01:01:00,940 INFO    Thread-17 :8128 [dir_watcher.py:_on_file_created():271] file/dir created: /home/yash/Desktop/Biorobotics_Lab/moving_mass_RL-master/scripts/wandb/run-20240424_010057-33v1h1lq/files/wandb-metadata.json
2024-04-24 01:01:01,534 INFO    wandb-upload_0:8128 [upload_job.py:push():131] Uploaded file /tmp/tmpsfwqpshuwandb/iau1toty-wandb-metadata.json
2024-04-24 01:01:02,913 DEBUG   HandlerThread:8128 [handler.py:handle_request():146] handle_request: status_report
2024-04-24 01:01:07,914 DEBUG   HandlerThread:8128 [handler.py:handle_request():146] handle_request: status_report
2024-04-24 01:01:12,916 DEBUG   HandlerThread:8128 [handler.py:handle_request():146] handle_request: status_report
2024-04-24 01:01:15,813 DEBUG   HandlerThread:8128 [handler.py:handle_request():146] handle_request: stop_status
2024-04-24 01:01:15,814 DEBUG   SenderThread:8128 [sender.py:send_request():405] send_request: stop_status
2024-04-24 01:01:15,857 DEBUG   HandlerThread:8128 [handler.py:handle_request():146] handle_request: internal_messages
2024-04-24 01:01:17,919 DEBUG   HandlerThread:8128 [handler.py:handle_request():146] handle_request: status_report
2024-04-24 01:01:22,920 DEBUG   HandlerThread:8128 [handler.py:handle_request():146] handle_request: status_report
2024-04-24 01:01:27,926 DEBUG   HandlerThread:8128 [handler.py:handle_request():146] handle_request: status_report
2024-04-24 01:01:28,956 INFO    Thread-17 :8128 [dir_watcher.py:_on_file_modified():288] file/dir modified: /home/yash/Desktop/Biorobotics_Lab/moving_mass_RL-master/scripts/wandb/run-20240424_010057-33v1h1lq/files/config.yaml
2024-04-24 01:01:30,815 DEBUG   HandlerThread:8128 [handler.py:handle_request():146] handle_request: stop_status
2024-04-24 01:01:30,815 DEBUG   SenderThread:8128 [sender.py:send_request():405] send_request: stop_status
2024-04-24 01:01:30,856 DEBUG   HandlerThread:8128 [handler.py:handle_request():146] handle_request: internal_messages
2024-04-24 01:01:33,903 DEBUG   HandlerThread:8128 [handler.py:handle_request():146] handle_request: status_report
2024-04-24 01:01:38,904 DEBUG   HandlerThread:8128 [handler.py:handle_request():146] handle_request: status_report
2024-04-24 01:01:43,905 DEBUG   HandlerThread:8128 [handler.py:handle_request():146] handle_request: status_report
2024-04-24 01:01:45,815 DEBUG   HandlerThread:8128 [handler.py:handle_request():146] handle_request: internal_messages
2024-04-24 01:01:45,815 DEBUG   HandlerThread:8128 [handler.py:handle_request():146] handle_request: stop_status
2024-04-24 01:01:45,816 DEBUG   SenderThread:8128 [sender.py:send_request():405] send_request: stop_status
2024-04-24 01:01:49,010 DEBUG   HandlerThread:8128 [handler.py:handle_request():146] handle_request: status_report
2024-04-24 01:01:54,011 DEBUG   HandlerThread:8128 [handler.py:handle_request():146] handle_request: status_report
2024-04-24 01:01:59,012 DEBUG   HandlerThread:8128 [handler.py:handle_request():146] handle_request: status_report
2024-04-24 01:01:59,194 DEBUG   SystemMonitor:8128 [system_monitor.py:_start():172] Starting system metrics aggregation loop
2024-04-24 01:02:04,661 DEBUG   HandlerThread:8128 [handler.py:handle_request():146] handle_request: stop_status
2024-04-24 01:02:04,662 DEBUG   HandlerThread:8128 [handler.py:handle_request():146] handle_request: internal_messages
2024-04-24 01:02:04,663 DEBUG   HandlerThread:8128 [handler.py:handle_request():146] handle_request: status_report
2024-04-24 01:02:04,664 DEBUG   SenderThread:8128 [sender.py:send_request():405] send_request: stop_status
2024-04-24 01:02:04,870 DEBUG   SenderThread:8128 [sender.py:send():378] send: stats
2024-04-24 01:02:04,971 INFO    Thread-17 :8128 [dir_watcher.py:_on_file_created():271] file/dir created: /home/yash/Desktop/Biorobotics_Lab/moving_mass_RL-master/scripts/wandb/run-20240424_010057-33v1h1lq/files/output.log
2024-04-24 01:02:06,972 INFO    Thread-17 :8128 [dir_watcher.py:_on_file_modified():288] file/dir modified: /home/yash/Desktop/Biorobotics_Lab/moving_mass_RL-master/scripts/wandb/run-20240424_010057-33v1h1lq/files/output.log
2024-04-24 01:02:08,173 DEBUG   HandlerThread:8128 [handler.py:handle_request():146] handle_request: partial_history
2024-04-24 01:02:08,177 DEBUG   SenderThread:8128 [sender.py:send():378] send: history
2024-04-24 01:02:08,178 DEBUG   SenderThread:8128 [sender.py:send_request():405] send_request: summary_record
2024-04-24 01:02:08,178 INFO    SenderThread:8128 [sender.py:_save_file():1365] saving file wandb-summary.json with policy end
2024-04-24 01:02:08,973 INFO    Thread-17 :8128 [dir_watcher.py:_on_file_created():271] file/dir created: /home/yash/Desktop/Biorobotics_Lab/moving_mass_RL-master/scripts/wandb/run-20240424_010057-33v1h1lq/files/wandb-summary.json
2024-04-24 01:02:09,179 DEBUG   HandlerThread:8128 [handler.py:handle_request():146] handle_request: status_report
2024-04-24 01:02:10,974 INFO    Thread-17 :8128 [dir_watcher.py:_on_file_modified():288] file/dir modified: /home/yash/Desktop/Biorobotics_Lab/moving_mass_RL-master/scripts/wandb/run-20240424_010057-33v1h1lq/files/output.log
2024-04-24 01:02:14,180 DEBUG   HandlerThread:8128 [handler.py:handle_request():146] handle_request: status_report
2024-04-24 01:02:15,816 DEBUG   HandlerThread:8128 [handler.py:handle_request():146] handle_request: keepalive
2024-04-24 01:02:15,817 DEBUG   HandlerThread:8128 [handler.py:handle_request():146] handle_request: stop_status
2024-04-24 01:02:15,817 DEBUG   SenderThread:8128 [sender.py:send_request():405] send_request: stop_status
2024-04-24 01:02:20,022 DEBUG   HandlerThread:8128 [handler.py:handle_request():146] handle_request: status_report
2024-04-24 01:02:25,023 DEBUG   HandlerThread:8128 [handler.py:handle_request():146] handle_request: status_report
2024-04-24 01:02:30,023 DEBUG   HandlerThread:8128 [handler.py:handle_request():146] handle_request: status_report
2024-04-24 01:02:30,816 DEBUG   HandlerThread:8128 [handler.py:handle_request():146] handle_request: stop_status
2024-04-24 01:02:30,817 DEBUG   SenderThread:8128 [sender.py:send_request():405] send_request: stop_status
2024-04-24 01:02:30,856 DEBUG   HandlerThread:8128 [handler.py:handle_request():146] handle_request: keepalive
2024-04-24 01:02:34,668 DEBUG   SenderThread:8128 [sender.py:send():378] send: stats
2024-04-24 01:02:35,669 DEBUG   HandlerThread:8128 [handler.py:handle_request():146] handle_request: status_report
2024-04-24 01:02:40,670 DEBUG   HandlerThread:8128 [handler.py:handle_request():146] handle_request: status_report
2024-04-24 01:02:45,671 DEBUG   HandlerThread:8128 [handler.py:handle_request():146] handle_request: status_report
2024-04-24 01:02:45,816 DEBUG   HandlerThread:8128 [handler.py:handle_request():146] handle_request: stop_status
2024-04-24 01:02:45,817 DEBUG   HandlerThread:8128 [handler.py:handle_request():146] handle_request: keepalive
2024-04-24 01:02:45,817 DEBUG   SenderThread:8128 [sender.py:send_request():405] send_request: stop_status
2024-04-24 01:02:50,977 DEBUG   HandlerThread:8128 [handler.py:handle_request():146] handle_request: status_report
2024-04-24 01:02:55,978 DEBUG   HandlerThread:8128 [handler.py:handle_request():146] handle_request: status_report
2024-04-24 01:03:00,085 DEBUG   HandlerThread:8128 [handler.py:handle_request():146] handle_request: partial_history
2024-04-24 01:03:00,087 DEBUG   SenderThread:8128 [sender.py:send():378] send: history
2024-04-24 01:03:00,088 DEBUG   SenderThread:8128 [sender.py:send_request():405] send_request: summary_record
2024-04-24 01:03:00,095 INFO    SenderThread:8128 [sender.py:_save_file():1365] saving file wandb-summary.json with policy end
2024-04-24 01:03:00,816 DEBUG   HandlerThread:8128 [handler.py:handle_request():146] handle_request: stop_status
2024-04-24 01:03:00,817 DEBUG   SenderThread:8128 [sender.py:send_request():405] send_request: stop_status
2024-04-24 01:03:00,997 INFO    Thread-17 :8128 [dir_watcher.py:_on_file_modified():288] file/dir modified: /home/yash/Desktop/Biorobotics_Lab/moving_mass_RL-master/scripts/wandb/run-20240424_010057-33v1h1lq/files/wandb-summary.json
2024-04-24 01:03:01,906 DEBUG   HandlerThread:8128 [handler.py:handle_request():146] handle_request: status_report
2024-04-24 01:03:02,998 INFO    Thread-17 :8128 [dir_watcher.py:_on_file_modified():288] file/dir modified: /home/yash/Desktop/Biorobotics_Lab/moving_mass_RL-master/scripts/wandb/run-20240424_010057-33v1h1lq/files/output.log
2024-04-24 01:03:04,670 DEBUG   SenderThread:8128 [sender.py:send():378] send: stats
2024-04-24 01:03:07,671 DEBUG   HandlerThread:8128 [handler.py:handle_request():146] handle_request: status_report
2024-04-24 01:03:12,672 DEBUG   HandlerThread:8128 [handler.py:handle_request():146] handle_request: status_report
2024-04-24 01:03:15,817 DEBUG   HandlerThread:8128 [handler.py:handle_request():146] handle_request: stop_status
2024-04-24 01:03:15,817 DEBUG   SenderThread:8128 [sender.py:send_request():405] send_request: stop_status
2024-04-24 01:03:18,020 DEBUG   HandlerThread:8128 [handler.py:handle_request():146] handle_request: status_report
2024-04-24 01:03:23,021 DEBUG   HandlerThread:8128 [handler.py:handle_request():146] handle_request: status_report
2024-04-24 01:03:28,022 DEBUG   HandlerThread:8128 [handler.py:handle_request():146] handle_request: status_report
2024-04-24 01:03:30,817 DEBUG   HandlerThread:8128 [handler.py:handle_request():146] handle_request: stop_status
2024-04-24 01:03:30,817 DEBUG   SenderThread:8128 [sender.py:send_request():405] send_request: stop_status
2024-04-24 01:03:33,935 DEBUG   HandlerThread:8128 [handler.py:handle_request():146] handle_request: status_report
2024-04-24 01:03:34,672 DEBUG   SenderThread:8128 [sender.py:send():378] send: stats
2024-04-24 01:03:39,673 DEBUG   HandlerThread:8128 [handler.py:handle_request():146] handle_request: status_report
2024-04-24 01:03:44,674 DEBUG   HandlerThread:8128 [handler.py:handle_request():146] handle_request: status_report
2024-04-24 01:03:45,817 DEBUG   HandlerThread:8128 [handler.py:handle_request():146] handle_request: stop_status
2024-04-24 01:03:45,817 DEBUG   SenderThread:8128 [sender.py:send_request():405] send_request: stop_status
2024-04-24 01:03:49,934 DEBUG   HandlerThread:8128 [handler.py:handle_request():146] handle_request: status_report
2024-04-24 01:03:52,043 DEBUG   HandlerThread:8128 [handler.py:handle_request():146] handle_request: partial_history
2024-04-24 01:03:52,046 DEBUG   SenderThread:8128 [sender.py:send():378] send: history
2024-04-24 01:03:52,046 DEBUG   SenderThread:8128 [sender.py:send_request():405] send_request: summary_record
2024-04-24 01:03:52,053 INFO    SenderThread:8128 [sender.py:_save_file():1365] saving file wandb-summary.json with policy end
2024-04-24 01:03:53,020 INFO    Thread-17 :8128 [dir_watcher.py:_on_file_modified():288] file/dir modified: /home/yash/Desktop/Biorobotics_Lab/moving_mass_RL-master/scripts/wandb/run-20240424_010057-33v1h1lq/files/wandb-summary.json
2024-04-24 01:03:55,021 INFO    Thread-17 :8128 [dir_watcher.py:_on_file_modified():288] file/dir modified: /home/yash/Desktop/Biorobotics_Lab/moving_mass_RL-master/scripts/wandb/run-20240424_010057-33v1h1lq/files/output.log
2024-04-24 01:03:55,054 DEBUG   HandlerThread:8128 [handler.py:handle_request():146] handle_request: status_report
2024-04-24 01:04:00,055 DEBUG   HandlerThread:8128 [handler.py:handle_request():146] handle_request: status_report
2024-04-24 01:04:00,817 DEBUG   HandlerThread:8128 [handler.py:handle_request():146] handle_request: stop_status
2024-04-24 01:04:00,817 DEBUG   SenderThread:8128 [sender.py:send_request():405] send_request: stop_status
2024-04-24 01:04:04,673 DEBUG   SenderThread:8128 [sender.py:send():378] send: stats
2024-04-24 01:04:05,674 DEBUG   HandlerThread:8128 [handler.py:handle_request():146] handle_request: status_report
2024-04-24 01:04:10,675 DEBUG   HandlerThread:8128 [handler.py:handle_request():146] handle_request: status_report
2024-04-24 01:04:15,679 DEBUG   HandlerThread:8128 [handler.py:handle_request():146] handle_request: status_report
2024-04-24 01:04:15,817 DEBUG   HandlerThread:8128 [handler.py:handle_request():146] handle_request: stop_status
2024-04-24 01:04:15,818 DEBUG   SenderThread:8128 [sender.py:send_request():405] send_request: stop_status
2024-04-24 01:04:20,938 DEBUG   HandlerThread:8128 [handler.py:handle_request():146] handle_request: status_report
2024-04-24 01:04:25,939 DEBUG   HandlerThread:8128 [handler.py:handle_request():146] handle_request: status_report
2024-04-24 01:04:30,817 DEBUG   HandlerThread:8128 [handler.py:handle_request():146] handle_request: stop_status
2024-04-24 01:04:30,818 DEBUG   SenderThread:8128 [sender.py:send_request():405] send_request: stop_status
2024-04-24 01:04:30,974 DEBUG   HandlerThread:8128 [handler.py:handle_request():146] handle_request: status_report
2024-04-24 01:04:34,674 DEBUG   SenderThread:8128 [sender.py:send():378] send: stats
2024-04-24 01:04:36,676 DEBUG   HandlerThread:8128 [handler.py:handle_request():146] handle_request: status_report
2024-04-24 01:04:41,676 DEBUG   HandlerThread:8128 [handler.py:handle_request():146] handle_request: status_report
2024-04-24 01:04:44,053 DEBUG   HandlerThread:8128 [handler.py:handle_request():146] handle_request: partial_history
2024-04-24 01:04:44,055 DEBUG   SenderThread:8128 [sender.py:send():378] send: history
2024-04-24 01:04:44,056 DEBUG   SenderThread:8128 [sender.py:send_request():405] send_request: summary_record
2024-04-24 01:04:44,056 INFO    SenderThread:8128 [sender.py:_save_file():1365] saving file wandb-summary.json with policy end
2024-04-24 01:04:45,043 INFO    Thread-17 :8128 [dir_watcher.py:_on_file_modified():288] file/dir modified: /home/yash/Desktop/Biorobotics_Lab/moving_mass_RL-master/scripts/wandb/run-20240424_010057-33v1h1lq/files/wandb-summary.json
2024-04-24 01:04:45,817 DEBUG   HandlerThread:8128 [handler.py:handle_request():146] handle_request: stop_status
2024-04-24 01:04:45,818 DEBUG   SenderThread:8128 [sender.py:send_request():405] send_request: stop_status
2024-04-24 01:04:47,018 DEBUG   HandlerThread:8128 [handler.py:handle_request():146] handle_request: status_report
2024-04-24 01:04:47,044 INFO    Thread-17 :8128 [dir_watcher.py:_on_file_modified():288] file/dir modified: /home/yash/Desktop/Biorobotics_Lab/moving_mass_RL-master/scripts/wandb/run-20240424_010057-33v1h1lq/files/output.log
2024-04-24 01:04:52,019 DEBUG   HandlerThread:8128 [handler.py:handle_request():146] handle_request: status_report
2024-04-24 01:04:57,020 DEBUG   HandlerThread:8128 [handler.py:handle_request():146] handle_request: status_report
2024-04-24 01:05:00,817 DEBUG   HandlerThread:8128 [handler.py:handle_request():146] handle_request: stop_status
2024-04-24 01:05:00,818 DEBUG   SenderThread:8128 [sender.py:send_request():405] send_request: stop_status
2024-04-24 01:05:02,037 DEBUG   HandlerThread:8128 [handler.py:handle_request():146] handle_request: status_report
2024-04-24 01:05:04,676 DEBUG   SenderThread:8128 [sender.py:send():378] send: stats
2024-04-24 01:05:07,677 DEBUG   HandlerThread:8128 [handler.py:handle_request():146] handle_request: status_report
2024-04-24 01:05:12,678 DEBUG   HandlerThread:8128 [handler.py:handle_request():146] handle_request: status_report
2024-04-24 01:05:15,817 DEBUG   HandlerThread:8128 [handler.py:handle_request():146] handle_request: stop_status
2024-04-24 01:05:15,818 DEBUG   SenderThread:8128 [sender.py:send_request():405] send_request: stop_status
2024-04-24 01:05:18,038 DEBUG   HandlerThread:8128 [handler.py:handle_request():146] handle_request: status_report
2024-04-24 01:05:23,039 DEBUG   HandlerThread:8128 [handler.py:handle_request():146] handle_request: status_report
2024-04-24 01:05:28,040 DEBUG   HandlerThread:8128 [handler.py:handle_request():146] handle_request: status_report
2024-04-24 01:05:30,818 DEBUG   HandlerThread:8128 [handler.py:handle_request():146] handle_request: stop_status
2024-04-24 01:05:30,818 DEBUG   SenderThread:8128 [sender.py:send_request():405] send_request: stop_status
2024-04-24 01:05:33,937 DEBUG   HandlerThread:8128 [handler.py:handle_request():146] handle_request: status_report
2024-04-24 01:05:34,678 DEBUG   SenderThread:8128 [sender.py:send():378] send: stats
2024-04-24 01:05:36,340 DEBUG   HandlerThread:8128 [handler.py:handle_request():146] handle_request: partial_history
2024-04-24 01:05:36,342 DEBUG   SenderThread:8128 [sender.py:send():378] send: history
2024-04-24 01:05:36,343 DEBUG   SenderThread:8128 [sender.py:send_request():405] send_request: summary_record
2024-04-24 01:05:36,344 INFO    SenderThread:8128 [sender.py:_save_file():1365] saving file wandb-summary.json with policy end
2024-04-24 01:05:37,066 INFO    Thread-17 :8128 [dir_watcher.py:_on_file_modified():288] file/dir modified: /home/yash/Desktop/Biorobotics_Lab/moving_mass_RL-master/scripts/wandb/run-20240424_010057-33v1h1lq/files/wandb-summary.json
2024-04-24 01:05:39,067 INFO    Thread-17 :8128 [dir_watcher.py:_on_file_modified():288] file/dir modified: /home/yash/Desktop/Biorobotics_Lab/moving_mass_RL-master/scripts/wandb/run-20240424_010057-33v1h1lq/files/output.log
2024-04-24 01:05:39,345 DEBUG   HandlerThread:8128 [handler.py:handle_request():146] handle_request: status_report
2024-04-24 01:05:44,346 DEBUG   HandlerThread:8128 [handler.py:handle_request():146] handle_request: status_report
2024-04-24 01:05:45,818 DEBUG   HandlerThread:8128 [handler.py:handle_request():146] handle_request: stop_status
2024-04-24 01:05:45,818 DEBUG   SenderThread:8128 [sender.py:send_request():405] send_request: stop_status
2024-04-24 01:05:49,981 DEBUG   HandlerThread:8128 [handler.py:handle_request():146] handle_request: status_report
2024-04-24 01:05:54,982 DEBUG   HandlerThread:8128 [handler.py:handle_request():146] handle_request: status_report
2024-04-24 01:05:59,983 DEBUG   HandlerThread:8128 [handler.py:handle_request():146] handle_request: status_report
2024-04-24 01:06:00,818 DEBUG   HandlerThread:8128 [handler.py:handle_request():146] handle_request: stop_status
2024-04-24 01:06:00,819 DEBUG   SenderThread:8128 [sender.py:send_request():405] send_request: stop_status
2024-04-24 01:06:04,680 DEBUG   SenderThread:8128 [sender.py:send():378] send: stats
2024-04-24 01:06:05,681 DEBUG   HandlerThread:8128 [handler.py:handle_request():146] handle_request: status_report
2024-04-24 01:06:10,682 DEBUG   HandlerThread:8128 [handler.py:handle_request():146] handle_request: status_report
2024-04-24 01:06:15,682 DEBUG   HandlerThread:8128 [handler.py:handle_request():146] handle_request: status_report
2024-04-24 01:06:15,818 DEBUG   HandlerThread:8128 [handler.py:handle_request():146] handle_request: stop_status
2024-04-24 01:06:15,819 DEBUG   SenderThread:8128 [sender.py:send_request():405] send_request: stop_status
2024-04-24 01:06:20,955 DEBUG   HandlerThread:8128 [handler.py:handle_request():146] handle_request: status_report
2024-04-24 01:06:25,956 DEBUG   HandlerThread:8128 [handler.py:handle_request():146] handle_request: status_report
2024-04-24 01:06:29,159 DEBUG   HandlerThread:8128 [handler.py:handle_request():146] handle_request: partial_history
2024-04-24 01:06:29,162 DEBUG   SenderThread:8128 [sender.py:send():378] send: history
2024-04-24 01:06:29,162 DEBUG   SenderThread:8128 [sender.py:send_request():405] send_request: summary_record
2024-04-24 01:06:29,166 INFO    SenderThread:8128 [sender.py:_save_file():1365] saving file wandb-summary.json with policy end
2024-04-24 01:06:30,090 INFO    Thread-17 :8128 [dir_watcher.py:_on_file_modified():288] file/dir modified: /home/yash/Desktop/Biorobotics_Lab/moving_mass_RL-master/scripts/wandb/run-20240424_010057-33v1h1lq/files/wandb-summary.json
2024-04-24 01:06:30,818 DEBUG   HandlerThread:8128 [handler.py:handle_request():146] handle_request: stop_status
2024-04-24 01:06:30,818 DEBUG   HandlerThread:8128 [handler.py:handle_request():146] handle_request: keepalive
2024-04-24 01:06:30,819 DEBUG   SenderThread:8128 [sender.py:send_request():405] send_request: stop_status
2024-04-24 01:06:31,021 DEBUG   HandlerThread:8128 [handler.py:handle_request():146] handle_request: status_report
2024-04-24 01:06:31,091 INFO    Thread-17 :8128 [dir_watcher.py:_on_file_modified():288] file/dir modified: /home/yash/Desktop/Biorobotics_Lab/moving_mass_RL-master/scripts/wandb/run-20240424_010057-33v1h1lq/files/output.log
2024-04-24 01:06:34,681 DEBUG   SenderThread:8128 [sender.py:send():378] send: stats
2024-04-24 01:06:36,682 DEBUG   HandlerThread:8128 [handler.py:handle_request():146] handle_request: status_report
2024-04-24 01:06:41,683 DEBUG   HandlerThread:8128 [handler.py:handle_request():146] handle_request: status_report
2024-04-24 01:06:45,818 DEBUG   HandlerThread:8128 [handler.py:handle_request():146] handle_request: stop_status
2024-04-24 01:06:45,819 DEBUG   HandlerThread:8128 [handler.py:handle_request():146] handle_request: keepalive
2024-04-24 01:06:45,819 DEBUG   SenderThread:8128 [sender.py:send_request():405] send_request: stop_status
2024-04-24 01:06:47,023 DEBUG   HandlerThread:8128 [handler.py:handle_request():146] handle_request: status_report
2024-04-24 01:06:52,024 DEBUG   HandlerThread:8128 [handler.py:handle_request():146] handle_request: status_report
2024-04-24 01:06:57,025 DEBUG   HandlerThread:8128 [handler.py:handle_request():146] handle_request: status_report
2024-04-24 01:07:00,818 DEBUG   HandlerThread:8128 [handler.py:handle_request():146] handle_request: stop_status
2024-04-24 01:07:00,819 DEBUG   HandlerThread:8128 [handler.py:handle_request():146] handle_request: keepalive
2024-04-24 01:07:00,819 DEBUG   SenderThread:8128 [sender.py:send_request():405] send_request: stop_status
2024-04-24 01:07:02,963 DEBUG   HandlerThread:8128 [handler.py:handle_request():146] handle_request: status_report
2024-04-24 01:07:04,687 DEBUG   SenderThread:8128 [sender.py:send():378] send: stats
2024-04-24 01:07:08,689 DEBUG   HandlerThread:8128 [handler.py:handle_request():146] handle_request: status_report
2024-04-24 01:07:13,690 DEBUG   HandlerThread:8128 [handler.py:handle_request():146] handle_request: status_report
2024-04-24 01:07:15,818 DEBUG   HandlerThread:8128 [handler.py:handle_request():146] handle_request: stop_status
2024-04-24 01:07:15,819 DEBUG   SenderThread:8128 [sender.py:send_request():405] send_request: stop_status
2024-04-24 01:07:19,008 DEBUG   HandlerThread:8128 [handler.py:handle_request():146] handle_request: status_report
2024-04-24 01:07:21,341 DEBUG   HandlerThread:8128 [handler.py:handle_request():146] handle_request: partial_history
2024-04-24 01:07:21,344 DEBUG   SenderThread:8128 [sender.py:send():378] send: history
2024-04-24 01:07:21,344 DEBUG   SenderThread:8128 [sender.py:send_request():405] send_request: summary_record
2024-04-24 01:07:21,345 INFO    SenderThread:8128 [sender.py:_save_file():1365] saving file wandb-summary.json with policy end
2024-04-24 01:07:22,115 INFO    Thread-17 :8128 [dir_watcher.py:_on_file_modified():288] file/dir modified: /home/yash/Desktop/Biorobotics_Lab/moving_mass_RL-master/scripts/wandb/run-20240424_010057-33v1h1lq/files/wandb-summary.json
2024-04-24 01:07:23,115 INFO    Thread-17 :8128 [dir_watcher.py:_on_file_modified():288] file/dir modified: /home/yash/Desktop/Biorobotics_Lab/moving_mass_RL-master/scripts/wandb/run-20240424_010057-33v1h1lq/files/output.log
2024-04-24 01:07:24,346 DEBUG   HandlerThread:8128 [handler.py:handle_request():146] handle_request: status_report
2024-04-24 01:07:29,346 DEBUG   HandlerThread:8128 [handler.py:handle_request():146] handle_request: status_report
2024-04-24 01:07:30,818 DEBUG   HandlerThread:8128 [handler.py:handle_request():146] handle_request: stop_status
2024-04-24 01:07:30,819 DEBUG   SenderThread:8128 [sender.py:send_request():405] send_request: stop_status
2024-04-24 01:07:34,684 DEBUG   SenderThread:8128 [sender.py:send():378] send: stats
2024-04-24 01:07:34,689 DEBUG   HandlerThread:8128 [handler.py:handle_request():146] handle_request: status_report
2024-04-24 01:07:39,686 DEBUG   HandlerThread:8128 [handler.py:handle_request():146] handle_request: status_report
2024-04-24 01:07:44,687 DEBUG   HandlerThread:8128 [handler.py:handle_request():146] handle_request: status_report
2024-04-24 01:07:45,819 DEBUG   HandlerThread:8128 [handler.py:handle_request():146] handle_request: stop_status
2024-04-24 01:07:45,819 DEBUG   SenderThread:8128 [sender.py:send_request():405] send_request: stop_status
2024-04-24 01:07:49,985 DEBUG   HandlerThread:8128 [handler.py:handle_request():146] handle_request: status_report
2024-04-24 01:07:54,986 DEBUG   HandlerThread:8128 [handler.py:handle_request():146] handle_request: status_report
2024-04-24 01:07:59,987 DEBUG   HandlerThread:8128 [handler.py:handle_request():146] handle_request: status_report
2024-04-24 01:08:00,819 DEBUG   HandlerThread:8128 [handler.py:handle_request():146] handle_request: stop_status
2024-04-24 01:08:00,820 DEBUG   SenderThread:8128 [sender.py:send_request():405] send_request: stop_status
2024-04-24 01:08:04,687 DEBUG   SenderThread:8128 [sender.py:send():378] send: stats
2024-04-24 01:08:05,688 DEBUG   HandlerThread:8128 [handler.py:handle_request():146] handle_request: status_report
2024-04-24 01:08:10,689 DEBUG   HandlerThread:8128 [handler.py:handle_request():146] handle_request: status_report
2024-04-24 01:08:13,349 DEBUG   HandlerThread:8128 [handler.py:handle_request():146] handle_request: partial_history
2024-04-24 01:08:13,352 DEBUG   SenderThread:8128 [sender.py:send():378] send: history
2024-04-24 01:08:13,352 DEBUG   SenderThread:8128 [sender.py:send_request():405] send_request: summary_record
2024-04-24 01:08:13,353 INFO    SenderThread:8128 [sender.py:_save_file():1365] saving file wandb-summary.json with policy end
2024-04-24 01:08:14,138 INFO    Thread-17 :8128 [dir_watcher.py:_on_file_modified():288] file/dir modified: /home/yash/Desktop/Biorobotics_Lab/moving_mass_RL-master/scripts/wandb/run-20240424_010057-33v1h1lq/files/wandb-summary.json
2024-04-24 01:08:15,139 INFO    Thread-17 :8128 [dir_watcher.py:_on_file_modified():288] file/dir modified: /home/yash/Desktop/Biorobotics_Lab/moving_mass_RL-master/scripts/wandb/run-20240424_010057-33v1h1lq/files/output.log
2024-04-24 01:08:15,819 DEBUG   HandlerThread:8128 [handler.py:handle_request():146] handle_request: stop_status
2024-04-24 01:08:15,819 DEBUG   HandlerThread:8128 [handler.py:handle_request():146] handle_request: keepalive
2024-04-24 01:08:15,820 DEBUG   SenderThread:8128 [sender.py:send_request():405] send_request: stop_status
2024-04-24 01:08:15,918 DEBUG   HandlerThread:8128 [handler.py:handle_request():146] handle_request: status_report
2024-04-24 01:08:20,919 DEBUG   HandlerThread:8128 [handler.py:handle_request():146] handle_request: status_report
2024-04-24 01:08:25,920 DEBUG   HandlerThread:8128 [handler.py:handle_request():146] handle_request: status_report
2024-04-24 01:08:30,819 DEBUG   HandlerThread:8128 [handler.py:handle_request():146] handle_request: stop_status
2024-04-24 01:08:30,820 DEBUG   SenderThread:8128 [sender.py:send_request():405] send_request: stop_status
2024-04-24 01:08:30,997 DEBUG   HandlerThread:8128 [handler.py:handle_request():146] handle_request: status_report
2024-04-24 01:08:34,688 DEBUG   SenderThread:8128 [sender.py:send():378] send: stats
2024-04-24 01:08:36,689 DEBUG   HandlerThread:8128 [handler.py:handle_request():146] handle_request: status_report
2024-04-24 01:08:41,690 DEBUG   HandlerThread:8128 [handler.py:handle_request():146] handle_request: status_report
2024-04-24 01:08:45,819 DEBUG   HandlerThread:8128 [handler.py:handle_request():146] handle_request: stop_status
2024-04-24 01:08:45,820 DEBUG   SenderThread:8128 [sender.py:send_request():405] send_request: stop_status
2024-04-24 01:08:46,941 DEBUG   HandlerThread:8128 [handler.py:handle_request():146] handle_request: status_report
2024-04-24 01:08:51,941 DEBUG   HandlerThread:8128 [handler.py:handle_request():146] handle_request: status_report
2024-04-24 01:08:56,942 DEBUG   HandlerThread:8128 [handler.py:handle_request():146] handle_request: status_report
2024-04-24 01:09:00,819 DEBUG   HandlerThread:8128 [handler.py:handle_request():146] handle_request: stop_status
2024-04-24 01:09:00,820 DEBUG   SenderThread:8128 [sender.py:send_request():405] send_request: stop_status
2024-04-24 01:09:02,008 DEBUG   HandlerThread:8128 [handler.py:handle_request():146] handle_request: status_report
2024-04-24 01:09:04,690 DEBUG   SenderThread:8128 [sender.py:send():378] send: stats
2024-04-24 01:09:06,835 DEBUG   HandlerThread:8128 [handler.py:handle_request():146] handle_request: partial_history
2024-04-24 01:09:06,837 DEBUG   SenderThread:8128 [sender.py:send():378] send: history
2024-04-24 01:09:06,838 DEBUG   SenderThread:8128 [sender.py:send_request():405] send_request: summary_record
2024-04-24 01:09:06,838 INFO    SenderThread:8128 [sender.py:_save_file():1365] saving file wandb-summary.json with policy end
2024-04-24 01:09:07,162 INFO    Thread-17 :8128 [dir_watcher.py:_on_file_modified():288] file/dir modified: /home/yash/Desktop/Biorobotics_Lab/moving_mass_RL-master/scripts/wandb/run-20240424_010057-33v1h1lq/files/wandb-summary.json
2024-04-24 01:09:07,839 DEBUG   HandlerThread:8128 [handler.py:handle_request():146] handle_request: status_report
2024-04-24 01:09:09,163 INFO    Thread-17 :8128 [dir_watcher.py:_on_file_modified():288] file/dir modified: /home/yash/Desktop/Biorobotics_Lab/moving_mass_RL-master/scripts/wandb/run-20240424_010057-33v1h1lq/files/output.log
2024-04-24 01:09:12,840 DEBUG   HandlerThread:8128 [handler.py:handle_request():146] handle_request: status_report
2024-04-24 01:09:15,819 DEBUG   HandlerThread:8128 [handler.py:handle_request():146] handle_request: stop_status
2024-04-24 01:09:15,820 DEBUG   SenderThread:8128 [sender.py:send_request():405] send_request: stop_status
2024-04-24 01:09:17,910 DEBUG   HandlerThread:8128 [handler.py:handle_request():146] handle_request: status_report
2024-04-24 01:09:22,912 DEBUG   HandlerThread:8128 [handler.py:handle_request():146] handle_request: status_report
