2024-04-08 20:54:13,741 INFO    StreamThr :135493 [internal.py:wandb_internal():89] W&B internal server running at pid: 135493, started at: 2024-04-08 20:54:13.740244
2024-04-08 20:54:13,745 DEBUG   HandlerThread:135493 [handler.py:handle_request():146] handle_request: status
2024-04-08 20:54:13,751 INFO    WriterThread:135493 [datastore.py:open_for_write():87] open: /home/yash/Desktop/Biorobotics_Lab/moving_mass_RL-master/scripts/wandb/run-20240408_205413-6vzcpc20/run-6vzcpc20.wandb
2024-04-08 20:54:13,755 DEBUG   SenderThread:135493 [sender.py:send():378] send: header
2024-04-08 20:54:13,893 DEBUG   SenderThread:135493 [sender.py:send():378] send: run
2024-04-08 20:54:14,208 INFO    SenderThread:135493 [dir_watcher.py:__init__():211] watching files in: /home/yash/Desktop/Biorobotics_Lab/moving_mass_RL-master/scripts/wandb/run-20240408_205413-6vzcpc20/files
2024-04-08 20:54:14,209 INFO    SenderThread:135493 [sender.py:_start_run_threads():1102] run started: 6vzcpc20 with start time 1712624053.739006
2024-04-08 20:54:14,222 DEBUG   HandlerThread:135493 [handler.py:handle_request():146] handle_request: check_version
2024-04-08 20:54:14,223 DEBUG   SenderThread:135493 [sender.py:send_request():405] send_request: check_version
2024-04-08 20:54:14,395 DEBUG   HandlerThread:135493 [handler.py:handle_request():146] handle_request: run_start
2024-04-08 20:54:14,446 DEBUG   HandlerThread:135493 [system_info.py:__init__():26] System info init
2024-04-08 20:54:14,447 DEBUG   HandlerThread:135493 [system_info.py:__init__():41] System info init done
2024-04-08 20:54:14,447 INFO    HandlerThread:135493 [system_monitor.py:start():194] Starting system monitor
2024-04-08 20:54:14,449 INFO    SystemMonitor:135493 [system_monitor.py:_start():158] Starting system asset monitoring threads
2024-04-08 20:54:14,450 INFO    HandlerThread:135493 [system_monitor.py:probe():214] Collecting system info
2024-04-08 20:54:14,451 INFO    SystemMonitor:135493 [interfaces.py:start():190] Started cpu monitoring
2024-04-08 20:54:14,453 INFO    SystemMonitor:135493 [interfaces.py:start():190] Started disk monitoring
2024-04-08 20:54:14,456 INFO    SystemMonitor:135493 [interfaces.py:start():190] Started gpu monitoring
2024-04-08 20:54:14,460 INFO    SystemMonitor:135493 [interfaces.py:start():190] Started memory monitoring
2024-04-08 20:54:14,462 INFO    SystemMonitor:135493 [interfaces.py:start():190] Started network monitoring
2024-04-08 20:54:14,538 DEBUG   HandlerThread:135493 [system_info.py:probe():150] Probing system
2024-04-08 20:54:14,550 DEBUG   HandlerThread:135493 [system_info.py:_probe_git():135] Probing git
2024-04-08 20:54:14,572 DEBUG   HandlerThread:135493 [system_info.py:_probe_git():143] Probing git done
2024-04-08 20:54:14,573 DEBUG   HandlerThread:135493 [system_info.py:probe():198] Probing system done
2024-04-08 20:54:14,573 DEBUG   HandlerThread:135493 [system_monitor.py:probe():223] {'os': 'Linux-5.15.0-101-generic-x86_64-with-debian-bullseye-sid', 'python': '3.7.12', 'heartbeatAt': '2024-04-09T00:54:14.538755', 'startedAt': '2024-04-09T00:54:13.723726', 'docker': None, 'cuda': None, 'args': (), 'state': 'running', 'program': '/home/yash/Desktop/Biorobotics_Lab/moving_mass_RL-master/scripts/main.py', 'codePathLocal': 'main.py', 'codePath': 'scripts/main.py', 'git': {'remote': 'https://github.com/beaupollard/moving_mass_RL.git', 'commit': '672d0fcf57a3aaeb2dac940f062eb811ce261c59'}, 'email': 'yprakash@andrew.cmu.edu', 'root': '/home/yash/Desktop/Biorobotics_Lab/moving_mass_RL-master', 'host': 'Yash-G15', 'username': 'yash', 'executable': '/home/yash/miniconda3/envs/rlgpu/bin/python', 'cpu_count': 8, 'cpu_count_logical': 16, 'cpu_freq': {'current': 2046.9157500000001, 'min': 1600.0, 'max': 3300.0}, 'cpu_freq_per_core': [{'current': 2118.227, 'min': 1600.0, 'max': 3300.0}, {'current': 1600.0, 'min': 1600.0, 'max': 3300.0}, {'current': 1800.0, 'min': 1600.0, 'max': 3300.0}, {'current': 1800.0, 'min': 1600.0, 'max': 3300.0}, {'current': 1922.854, 'min': 1600.0, 'max': 3300.0}, {'current': 1600.0, 'min': 1600.0, 'max': 3300.0}, {'current': 2517.163, 'min': 1600.0, 'max': 3300.0}, {'current': 1800.0, 'min': 1600.0, 'max': 3300.0}, {'current': 3300.0, 'min': 1600.0, 'max': 3300.0}, {'current': 1600.0, 'min': 1600.0, 'max': 3300.0}, {'current': 2220.722, 'min': 1600.0, 'max': 3300.0}, {'current': 1800.0, 'min': 1600.0, 'max': 3300.0}, {'current': 3842.797, 'min': 1600.0, 'max': 3300.0}, {'current': 3300.0, 'min': 1600.0, 'max': 3300.0}, {'current': 3300.0, 'min': 1600.0, 'max': 3300.0}, {'current': 1600.0, 'min': 1600.0, 'max': 3300.0}], 'disk': {'/': {'total': 102.09723281860352, 'used': 33.841880798339844}}, 'gpu': 'NVIDIA GeForce RTX 3060 Laptop GPU', 'gpu_count': 1, 'gpu_devices': [{'name': 'NVIDIA GeForce RTX 3060 Laptop GPU', 'memory_total': 6442450944}], 'memory': {'total': 14.859130859375}}
2024-04-08 20:54:14,573 INFO    HandlerThread:135493 [system_monitor.py:probe():224] Finished collecting system info
2024-04-08 20:54:14,573 INFO    HandlerThread:135493 [system_monitor.py:probe():227] Publishing system info
2024-04-08 20:54:14,575 DEBUG   HandlerThread:135493 [system_info.py:_save_conda():208] Saving list of conda packages installed into the current environment
2024-04-08 20:54:15,217 INFO    Thread-17 :135493 [dir_watcher.py:_on_file_created():271] file/dir created: /home/yash/Desktop/Biorobotics_Lab/moving_mass_RL-master/scripts/wandb/run-20240408_205413-6vzcpc20/files/conda-environment.yaml
2024-04-08 20:54:17,607 DEBUG   HandlerThread:135493 [system_info.py:_save_conda():219] Saving conda packages done
2024-04-08 20:54:17,609 INFO    HandlerThread:135493 [system_monitor.py:probe():229] Finished publishing system info
2024-04-08 20:54:17,637 DEBUG   SenderThread:135493 [sender.py:send():378] send: files
2024-04-08 20:54:17,638 INFO    SenderThread:135493 [sender.py:_save_file():1365] saving file wandb-metadata.json with policy now
2024-04-08 20:54:17,761 DEBUG   HandlerThread:135493 [handler.py:handle_request():146] handle_request: python_packages
2024-04-08 20:54:17,762 DEBUG   SenderThread:135493 [sender.py:send_request():405] send_request: python_packages
2024-04-08 20:54:17,764 DEBUG   HandlerThread:135493 [handler.py:handle_request():146] handle_request: stop_status
2024-04-08 20:54:17,764 DEBUG   SenderThread:135493 [sender.py:send_request():405] send_request: stop_status
2024-04-08 20:54:17,775 DEBUG   HandlerThread:135493 [handler.py:handle_request():146] handle_request: internal_messages
2024-04-08 20:54:17,993 DEBUG   SenderThread:135493 [sender.py:send():378] send: telemetry
2024-04-08 20:54:18,213 INFO    Thread-17 :135493 [dir_watcher.py:_on_file_modified():288] file/dir modified: /home/yash/Desktop/Biorobotics_Lab/moving_mass_RL-master/scripts/wandb/run-20240408_205413-6vzcpc20/files/conda-environment.yaml
2024-04-08 20:54:18,214 INFO    Thread-17 :135493 [dir_watcher.py:_on_file_created():271] file/dir created: /home/yash/Desktop/Biorobotics_Lab/moving_mass_RL-master/scripts/wandb/run-20240408_205413-6vzcpc20/files/requirements.txt
2024-04-08 20:54:18,215 INFO    Thread-17 :135493 [dir_watcher.py:_on_file_created():271] file/dir created: /home/yash/Desktop/Biorobotics_Lab/moving_mass_RL-master/scripts/wandb/run-20240408_205413-6vzcpc20/files/wandb-metadata.json
2024-04-08 20:54:18,359 INFO    wandb-upload_0:135493 [upload_job.py:push():131] Uploaded file /tmp/tmpeg4ok6jawandb/euq8yckj-wandb-metadata.json
2024-04-08 20:54:18,994 DEBUG   HandlerThread:135493 [handler.py:handle_request():146] handle_request: status_report
2024-04-08 20:54:23,996 DEBUG   HandlerThread:135493 [handler.py:handle_request():146] handle_request: status_report
2024-04-08 20:54:28,998 DEBUG   HandlerThread:135493 [handler.py:handle_request():146] handle_request: status_report
2024-04-08 20:54:32,764 DEBUG   HandlerThread:135493 [handler.py:handle_request():146] handle_request: stop_status
2024-04-08 20:54:32,765 DEBUG   SenderThread:135493 [sender.py:send_request():405] send_request: stop_status
2024-04-08 20:54:32,805 DEBUG   HandlerThread:135493 [handler.py:handle_request():146] handle_request: internal_messages
2024-04-08 20:54:34,034 DEBUG   HandlerThread:135493 [handler.py:handle_request():146] handle_request: status_report
2024-04-08 20:54:39,036 DEBUG   HandlerThread:135493 [handler.py:handle_request():146] handle_request: status_report
2024-04-08 20:54:44,042 DEBUG   HandlerThread:135493 [handler.py:handle_request():146] handle_request: status_report
2024-04-08 20:54:44,233 INFO    Thread-17 :135493 [dir_watcher.py:_on_file_modified():288] file/dir modified: /home/yash/Desktop/Biorobotics_Lab/moving_mass_RL-master/scripts/wandb/run-20240408_205413-6vzcpc20/files/config.yaml
2024-04-08 20:54:47,770 DEBUG   HandlerThread:135493 [handler.py:handle_request():146] handle_request: stop_status
2024-04-08 20:54:47,771 DEBUG   SenderThread:135493 [sender.py:send_request():405] send_request: stop_status
2024-04-08 20:54:47,805 DEBUG   HandlerThread:135493 [handler.py:handle_request():146] handle_request: internal_messages
2024-04-08 20:54:49,929 DEBUG   HandlerThread:135493 [handler.py:handle_request():146] handle_request: status_report
2024-04-08 20:54:54,930 DEBUG   HandlerThread:135493 [handler.py:handle_request():146] handle_request: status_report
2024-04-08 20:54:59,932 DEBUG   HandlerThread:135493 [handler.py:handle_request():146] handle_request: status_report
2024-04-08 20:55:02,765 DEBUG   HandlerThread:135493 [handler.py:handle_request():146] handle_request: stop_status
2024-04-08 20:55:02,766 DEBUG   SenderThread:135493 [sender.py:send_request():405] send_request: stop_status
2024-04-08 20:55:02,809 DEBUG   HandlerThread:135493 [handler.py:handle_request():146] handle_request: internal_messages
2024-04-08 20:55:04,997 DEBUG   HandlerThread:135493 [handler.py:handle_request():146] handle_request: status_report
2024-04-08 20:55:09,999 DEBUG   HandlerThread:135493 [handler.py:handle_request():146] handle_request: status_report
2024-04-08 20:55:14,463 DEBUG   SystemMonitor:135493 [system_monitor.py:_start():172] Starting system metrics aggregation loop
2024-04-08 20:55:14,475 DEBUG   SenderThread:135493 [sender.py:send():378] send: stats
2024-04-08 20:55:15,477 DEBUG   HandlerThread:135493 [handler.py:handle_request():146] handle_request: status_report
2024-04-08 20:55:17,765 DEBUG   HandlerThread:135493 [handler.py:handle_request():146] handle_request: stop_status
2024-04-08 20:55:17,767 DEBUG   SenderThread:135493 [sender.py:send_request():405] send_request: stop_status
2024-04-08 20:55:17,809 DEBUG   HandlerThread:135493 [handler.py:handle_request():146] handle_request: internal_messages
2024-04-08 20:55:20,946 DEBUG   HandlerThread:135493 [handler.py:handle_request():146] handle_request: status_report
2024-04-08 20:55:25,947 DEBUG   HandlerThread:135493 [handler.py:handle_request():146] handle_request: status_report
2024-04-08 20:55:30,949 DEBUG   HandlerThread:135493 [handler.py:handle_request():146] handle_request: status_report
2024-04-08 20:55:32,766 DEBUG   HandlerThread:135493 [handler.py:handle_request():146] handle_request: stop_status
2024-04-08 20:55:32,767 DEBUG   SenderThread:135493 [sender.py:send_request():405] send_request: stop_status
2024-04-08 20:55:32,809 DEBUG   HandlerThread:135493 [handler.py:handle_request():146] handle_request: internal_messages
2024-04-08 20:55:36,931 DEBUG   HandlerThread:135493 [handler.py:handle_request():146] handle_request: status_report
