2024-03-09 18:44:29,101 INFO    StreamThr :276710 [internal.py:wandb_internal():89] W&B internal server running at pid: 276710, started at: 2024-03-09 18:44:29.099822
2024-03-09 18:44:29,111 DEBUG   HandlerThread:276710 [handler.py:handle_request():146] handle_request: status
2024-03-09 18:44:29,136 INFO    WriterThread:276710 [datastore.py:open_for_write():87] open: /home/yash/Desktop/Biorobotics_Lab/moving_mass_RL-master/scripts/wandb/run-20240309_184429-gqpixprx/run-gqpixprx.wandb
2024-03-09 18:44:29,138 DEBUG   SenderThread:276710 [sender.py:send():378] send: header
2024-03-09 18:44:29,331 DEBUG   SenderThread:276710 [sender.py:send():378] send: run
2024-03-09 18:44:29,764 INFO    SenderThread:276710 [dir_watcher.py:__init__():211] watching files in: /home/yash/Desktop/Biorobotics_Lab/moving_mass_RL-master/scripts/wandb/run-20240309_184429-gqpixprx/files
2024-03-09 18:44:29,765 INFO    SenderThread:276710 [sender.py:_start_run_threads():1102] run started: gqpixprx with start time 1710027869.10346
2024-03-09 18:44:29,785 DEBUG   HandlerThread:276710 [handler.py:handle_request():146] handle_request: check_version
2024-03-09 18:44:29,786 DEBUG   SenderThread:276710 [sender.py:send_request():405] send_request: check_version
2024-03-09 18:44:30,028 DEBUG   HandlerThread:276710 [handler.py:handle_request():146] handle_request: run_start
2024-03-09 18:44:30,044 DEBUG   HandlerThread:276710 [system_info.py:__init__():26] System info init
2024-03-09 18:44:30,044 DEBUG   HandlerThread:276710 [system_info.py:__init__():41] System info init done
2024-03-09 18:44:30,044 INFO    HandlerThread:276710 [system_monitor.py:start():194] Starting system monitor
2024-03-09 18:44:30,045 INFO    HandlerThread:276710 [system_monitor.py:probe():214] Collecting system info
2024-03-09 18:44:30,046 INFO    SystemMonitor:276710 [system_monitor.py:_start():158] Starting system asset monitoring threads
2024-03-09 18:44:30,051 INFO    SystemMonitor:276710 [interfaces.py:start():190] Started cpu monitoring
2024-03-09 18:44:30,055 INFO    SystemMonitor:276710 [interfaces.py:start():190] Started disk monitoring
2024-03-09 18:44:30,058 INFO    SystemMonitor:276710 [interfaces.py:start():190] Started gpu monitoring
2024-03-09 18:44:30,059 INFO    SystemMonitor:276710 [interfaces.py:start():190] Started memory monitoring
2024-03-09 18:44:30,061 INFO    SystemMonitor:276710 [interfaces.py:start():190] Started network monitoring
2024-03-09 18:44:30,126 DEBUG   HandlerThread:276710 [system_info.py:probe():150] Probing system
2024-03-09 18:44:30,135 DEBUG   HandlerThread:276710 [system_info.py:_probe_git():135] Probing git
2024-03-09 18:44:30,156 DEBUG   HandlerThread:276710 [system_info.py:_probe_git():143] Probing git done
2024-03-09 18:44:30,157 DEBUG   HandlerThread:276710 [system_info.py:probe():198] Probing system done
2024-03-09 18:44:30,157 DEBUG   HandlerThread:276710 [system_monitor.py:probe():223] {'os': 'Linux-5.15.0-97-generic-x86_64-with-debian-bullseye-sid', 'python': '3.7.12', 'heartbeatAt': '2024-03-09T23:44:30.126646', 'startedAt': '2024-03-09T23:44:29.078724', 'docker': None, 'cuda': None, 'args': (), 'state': 'running', 'program': '/home/yash/Desktop/Biorobotics_Lab/moving_mass_RL-master/scripts/main.py', 'codePathLocal': 'main.py', 'codePath': 'scripts/main.py', 'git': {'remote': 'https://github.com/beaupollard/moving_mass_RL.git', 'commit': '672d0fcf57a3aaeb2dac940f062eb811ce261c59'}, 'email': 'yprakash@andrew.cmu.edu', 'root': '/home/yash/Desktop/Biorobotics_Lab/moving_mass_RL-master', 'host': 'Yash-G15', 'username': 'yash', 'executable': '/home/yash/miniconda3/envs/rlgpu/bin/python', 'cpu_count': 8, 'cpu_count_logical': 16, 'cpu_freq': {'current': 2068.4085625000002, 'min': 1600.0, 'max': 3300.0}, 'cpu_freq_per_core': [{'current': 1800.0, 'min': 1600.0, 'max': 3300.0}, {'current': 1600.0, 'min': 1600.0, 'max': 3300.0}, {'current': 1800.0, 'min': 1600.0, 'max': 3300.0}, {'current': 1600.0, 'min': 1600.0, 'max': 3300.0}, {'current': 1800.0, 'min': 1600.0, 'max': 3300.0}, {'current': 1800.0, 'min': 1600.0, 'max': 3300.0}, {'current': 1600.0, 'min': 1600.0, 'max': 3300.0}, {'current': 3300.0, 'min': 1600.0, 'max': 3300.0}, {'current': 2528.09, 'min': 1600.0, 'max': 3300.0}, {'current': 1600.0, 'min': 1600.0, 'max': 3300.0}, {'current': 2079.949, 'min': 1600.0, 'max': 3300.0}, {'current': 1600.0, 'min': 1600.0, 'max': 3300.0}, {'current': 1600.0, 'min': 1600.0, 'max': 3300.0}, {'current': 3300.0, 'min': 1600.0, 'max': 3300.0}, {'current': 1600.0, 'min': 1600.0, 'max': 3300.0}, {'current': 1800.0, 'min': 1600.0, 'max': 3300.0}], 'disk': {'/': {'total': 102.09723281860352, 'used': 32.989898681640625}}, 'gpu': 'NVIDIA GeForce RTX 3060 Laptop GPU', 'gpu_count': 1, 'gpu_devices': [{'name': 'NVIDIA GeForce RTX 3060 Laptop GPU', 'memory_total': 6442450944}], 'memory': {'total': 14.859146118164062}}
2024-03-09 18:44:30,157 INFO    HandlerThread:276710 [system_monitor.py:probe():224] Finished collecting system info
2024-03-09 18:44:30,157 INFO    HandlerThread:276710 [system_monitor.py:probe():227] Publishing system info
2024-03-09 18:44:30,158 DEBUG   HandlerThread:276710 [system_info.py:_save_conda():208] Saving list of conda packages installed into the current environment
2024-03-09 18:44:30,773 INFO    Thread-17 :276710 [dir_watcher.py:_on_file_created():271] file/dir created: /home/yash/Desktop/Biorobotics_Lab/moving_mass_RL-master/scripts/wandb/run-20240309_184429-gqpixprx/files/conda-environment.yaml
2024-03-09 18:44:30,942 DEBUG   HandlerThread:276710 [system_info.py:_save_conda():219] Saving conda packages done
2024-03-09 18:44:30,944 INFO    HandlerThread:276710 [system_monitor.py:probe():229] Finished publishing system info
2024-03-09 18:44:30,958 DEBUG   SenderThread:276710 [sender.py:send():378] send: files
2024-03-09 18:44:30,958 INFO    SenderThread:276710 [sender.py:_save_file():1365] saving file wandb-metadata.json with policy now
2024-03-09 18:44:31,183 DEBUG   HandlerThread:276710 [handler.py:handle_request():146] handle_request: python_packages
2024-03-09 18:44:31,184 DEBUG   SenderThread:276710 [sender.py:send_request():405] send_request: python_packages
2024-03-09 18:44:31,185 DEBUG   HandlerThread:276710 [handler.py:handle_request():146] handle_request: stop_status
2024-03-09 18:44:31,186 DEBUG   SenderThread:276710 [sender.py:send_request():405] send_request: stop_status
2024-03-09 18:44:31,191 DEBUG   HandlerThread:276710 [handler.py:handle_request():146] handle_request: internal_messages
2024-03-09 18:44:31,465 DEBUG   SenderThread:276710 [sender.py:send():378] send: telemetry
2024-03-09 18:44:31,475 INFO    wandb-upload_0:276710 [upload_job.py:push():131] Uploaded file /tmp/tmphmszbzjgwandb/lp1afmy2-wandb-metadata.json
2024-03-09 18:44:31,767 INFO    Thread-17 :276710 [dir_watcher.py:_on_file_modified():288] file/dir modified: /home/yash/Desktop/Biorobotics_Lab/moving_mass_RL-master/scripts/wandb/run-20240309_184429-gqpixprx/files/conda-environment.yaml
2024-03-09 18:44:31,767 INFO    Thread-17 :276710 [dir_watcher.py:_on_file_created():271] file/dir created: /home/yash/Desktop/Biorobotics_Lab/moving_mass_RL-master/scripts/wandb/run-20240309_184429-gqpixprx/files/requirements.txt
2024-03-09 18:44:31,768 INFO    Thread-17 :276710 [dir_watcher.py:_on_file_created():271] file/dir created: /home/yash/Desktop/Biorobotics_Lab/moving_mass_RL-master/scripts/wandb/run-20240309_184429-gqpixprx/files/wandb-metadata.json
2024-03-09 18:44:34,515 DEBUG   HandlerThread:276710 [handler.py:handle_request():146] handle_request: status_report
2024-03-09 18:44:39,517 DEBUG   HandlerThread:276710 [handler.py:handle_request():146] handle_request: status_report
2024-03-09 18:44:44,517 DEBUG   HandlerThread:276710 [handler.py:handle_request():146] handle_request: status_report
2024-03-09 18:44:46,220 DEBUG   HandlerThread:276710 [handler.py:handle_request():146] handle_request: internal_messages
2024-03-09 18:44:46,221 DEBUG   HandlerThread:276710 [handler.py:handle_request():146] handle_request: stop_status
2024-03-09 18:44:46,221 DEBUG   SenderThread:276710 [sender.py:send_request():405] send_request: stop_status
2024-03-09 18:44:50,485 DEBUG   HandlerThread:276710 [handler.py:handle_request():146] handle_request: status_report
2024-03-09 18:44:55,488 DEBUG   HandlerThread:276710 [handler.py:handle_request():146] handle_request: status_report
2024-03-09 18:45:00,494 DEBUG   HandlerThread:276710 [handler.py:handle_request():146] handle_request: status_report
2024-03-09 18:45:00,784 INFO    Thread-17 :276710 [dir_watcher.py:_on_file_modified():288] file/dir modified: /home/yash/Desktop/Biorobotics_Lab/moving_mass_RL-master/scripts/wandb/run-20240309_184429-gqpixprx/files/config.yaml
2024-03-09 18:45:01,188 DEBUG   HandlerThread:276710 [handler.py:handle_request():146] handle_request: stop_status
2024-03-09 18:45:01,189 DEBUG   SenderThread:276710 [sender.py:send_request():405] send_request: stop_status
2024-03-09 18:45:01,228 DEBUG   HandlerThread:276710 [handler.py:handle_request():146] handle_request: internal_messages
2024-03-09 18:45:06,354 DEBUG   HandlerThread:276710 [handler.py:handle_request():146] handle_request: status_report
2024-03-09 18:45:11,355 DEBUG   HandlerThread:276710 [handler.py:handle_request():146] handle_request: status_report
2024-03-09 18:45:16,221 DEBUG   HandlerThread:276710 [handler.py:handle_request():146] handle_request: internal_messages
2024-03-09 18:45:16,222 DEBUG   HandlerThread:276710 [handler.py:handle_request():146] handle_request: stop_status
2024-03-09 18:45:16,223 DEBUG   SenderThread:276710 [sender.py:send_request():405] send_request: stop_status
2024-03-09 18:45:17,317 DEBUG   HandlerThread:276710 [handler.py:handle_request():146] handle_request: status_report
2024-03-09 18:45:19,796 INFO    Thread-17 :276710 [dir_watcher.py:_on_file_created():271] file/dir created: /home/yash/Desktop/Biorobotics_Lab/moving_mass_RL-master/scripts/wandb/run-20240309_184429-gqpixprx/files/output.log
2024-03-09 18:45:21,798 INFO    Thread-17 :276710 [dir_watcher.py:_on_file_modified():288] file/dir modified: /home/yash/Desktop/Biorobotics_Lab/moving_mass_RL-master/scripts/wandb/run-20240309_184429-gqpixprx/files/output.log
2024-03-09 18:45:22,532 DEBUG   HandlerThread:276710 [handler.py:handle_request():146] handle_request: status_report
2024-03-09 18:45:27,534 DEBUG   HandlerThread:276710 [handler.py:handle_request():146] handle_request: status_report
2024-03-09 18:45:30,062 DEBUG   SystemMonitor:276710 [system_monitor.py:_start():172] Starting system metrics aggregation loop
2024-03-09 18:45:30,077 DEBUG   SenderThread:276710 [sender.py:send():378] send: stats
2024-03-09 18:45:31,249 DEBUG   HandlerThread:276710 [handler.py:handle_request():146] handle_request: stop_status
2024-03-09 18:45:31,250 DEBUG   HandlerThread:276710 [handler.py:handle_request():146] handle_request: internal_messages
2024-03-09 18:45:31,251 DEBUG   SenderThread:276710 [sender.py:send_request():405] send_request: stop_status
2024-03-09 18:45:33,473 DEBUG   HandlerThread:276710 [handler.py:handle_request():146] handle_request: status_report
2024-03-09 18:45:38,474 DEBUG   HandlerThread:276710 [handler.py:handle_request():146] handle_request: status_report
2024-03-09 18:45:43,477 DEBUG   HandlerThread:276710 [handler.py:handle_request():146] handle_request: status_report
2024-03-09 18:45:46,248 DEBUG   HandlerThread:276710 [handler.py:handle_request():146] handle_request: stop_status
2024-03-09 18:45:46,248 DEBUG   SenderThread:276710 [sender.py:send_request():405] send_request: stop_status
2024-03-09 18:45:46,289 DEBUG   HandlerThread:276710 [handler.py:handle_request():146] handle_request: internal_messages
2024-03-09 18:45:49,385 DEBUG   HandlerThread:276710 [handler.py:handle_request():146] handle_request: status_report
2024-03-09 18:45:54,387 DEBUG   HandlerThread:276710 [handler.py:handle_request():146] handle_request: status_report
2024-03-09 18:45:59,388 DEBUG   HandlerThread:276710 [handler.py:handle_request():146] handle_request: status_report
2024-03-09 18:46:00,079 DEBUG   SenderThread:276710 [sender.py:send():378] send: stats
2024-03-09 18:46:01,248 DEBUG   HandlerThread:276710 [handler.py:handle_request():146] handle_request: stop_status
2024-03-09 18:46:01,248 DEBUG   SenderThread:276710 [sender.py:send_request():405] send_request: stop_status
2024-03-09 18:46:01,288 DEBUG   HandlerThread:276710 [handler.py:handle_request():146] handle_request: internal_messages
2024-03-09 18:46:04,455 DEBUG   HandlerThread:276710 [handler.py:handle_request():146] handle_request: status_report
2024-03-09 18:46:07,521 DEBUG   HandlerThread:276710 [handler.py:handle_request():146] handle_request: partial_history
2024-03-09 18:46:07,526 DEBUG   SenderThread:276710 [sender.py:send():378] send: history
2024-03-09 18:46:07,526 DEBUG   SenderThread:276710 [sender.py:send_request():405] send_request: summary_record
2024-03-09 18:46:07,527 INFO    SenderThread:276710 [sender.py:_save_file():1365] saving file wandb-summary.json with policy end
2024-03-09 18:46:07,834 INFO    Thread-17 :276710 [dir_watcher.py:_on_file_created():271] file/dir created: /home/yash/Desktop/Biorobotics_Lab/moving_mass_RL-master/scripts/wandb/run-20240309_184429-gqpixprx/files/wandb-summary.json
2024-03-09 18:46:09,529 DEBUG   HandlerThread:276710 [handler.py:handle_request():146] handle_request: status_report
2024-03-09 18:46:09,836 INFO    Thread-17 :276710 [dir_watcher.py:_on_file_modified():288] file/dir modified: /home/yash/Desktop/Biorobotics_Lab/moving_mass_RL-master/scripts/wandb/run-20240309_184429-gqpixprx/files/output.log
2024-03-09 18:46:14,530 DEBUG   HandlerThread:276710 [handler.py:handle_request():146] handle_request: status_report
2024-03-09 18:46:16,261 DEBUG   HandlerThread:276710 [handler.py:handle_request():146] handle_request: internal_messages
2024-03-09 18:46:16,261 DEBUG   HandlerThread:276710 [handler.py:handle_request():146] handle_request: stop_status
2024-03-09 18:46:16,263 DEBUG   SenderThread:276710 [sender.py:send_request():405] send_request: stop_status
2024-03-09 18:46:20,402 DEBUG   HandlerThread:276710 [handler.py:handle_request():146] handle_request: status_report
2024-03-09 18:46:25,404 DEBUG   HandlerThread:276710 [handler.py:handle_request():146] handle_request: status_report
2024-03-09 18:46:30,081 DEBUG   SenderThread:276710 [sender.py:send():378] send: stats
2024-03-09 18:46:31,082 DEBUG   HandlerThread:276710 [handler.py:handle_request():146] handle_request: status_report
2024-03-09 18:46:31,274 DEBUG   HandlerThread:276710 [handler.py:handle_request():146] handle_request: stop_status
2024-03-09 18:46:31,274 DEBUG   HandlerThread:276710 [handler.py:handle_request():146] handle_request: internal_messages
2024-03-09 18:46:31,275 DEBUG   SenderThread:276710 [sender.py:send_request():405] send_request: stop_status
2024-03-09 18:46:36,408 DEBUG   HandlerThread:276710 [handler.py:handle_request():146] handle_request: status_report
2024-03-09 18:46:41,410 DEBUG   HandlerThread:276710 [handler.py:handle_request():146] handle_request: status_report
2024-03-09 18:46:46,288 DEBUG   HandlerThread:276710 [handler.py:handle_request():146] handle_request: internal_messages
2024-03-09 18:46:46,289 DEBUG   HandlerThread:276710 [handler.py:handle_request():146] handle_request: stop_status
2024-03-09 18:46:46,290 DEBUG   SenderThread:276710 [sender.py:send_request():405] send_request: stop_status
2024-03-09 18:46:46,474 DEBUG   HandlerThread:276710 [handler.py:handle_request():146] handle_request: status_report
2024-03-09 18:46:51,475 DEBUG   HandlerThread:276710 [handler.py:handle_request():146] handle_request: status_report
2024-03-09 18:46:56,476 DEBUG   HandlerThread:276710 [handler.py:handle_request():146] handle_request: status_report
2024-03-09 18:47:00,083 DEBUG   SenderThread:276710 [sender.py:send():378] send: stats
2024-03-09 18:47:01,289 DEBUG   HandlerThread:276710 [handler.py:handle_request():146] handle_request: stop_status
2024-03-09 18:47:01,289 DEBUG   HandlerThread:276710 [handler.py:handle_request():146] handle_request: internal_messages
2024-03-09 18:47:01,290 DEBUG   SenderThread:276710 [sender.py:send_request():405] send_request: stop_status
2024-03-09 18:47:01,530 DEBUG   HandlerThread:276710 [handler.py:handle_request():146] handle_request: status_report
2024-03-09 18:47:06,532 DEBUG   HandlerThread:276710 [handler.py:handle_request():146] handle_request: status_report
2024-03-09 18:47:11,533 DEBUG   HandlerThread:276710 [handler.py:handle_request():146] handle_request: status_report
2024-03-09 18:47:16,289 DEBUG   HandlerThread:276710 [handler.py:handle_request():146] handle_request: stop_status
2024-03-09 18:47:16,557 DEBUG   HandlerThread:276710 [handler.py:handle_request():146] handle_request: internal_messages
2024-03-09 18:47:16,559 DEBUG   SenderThread:276710 [sender.py:send_request():405] send_request: stop_status
2024-03-09 18:47:16,726 DEBUG   HandlerThread:276710 [handler.py:handle_request():146] handle_request: status_report
2024-03-09 18:47:21,727 DEBUG   HandlerThread:276710 [handler.py:handle_request():146] handle_request: status_report
2024-03-09 18:47:26,729 DEBUG   HandlerThread:276710 [handler.py:handle_request():146] handle_request: status_report
2024-03-09 18:47:27,393 DEBUG   HandlerThread:276710 [handler.py:handle_request():146] handle_request: partial_history
2024-03-09 18:47:27,397 DEBUG   SenderThread:276710 [sender.py:send():378] send: history
2024-03-09 18:47:27,398 DEBUG   SenderThread:276710 [sender.py:send_request():405] send_request: summary_record
2024-03-09 18:47:27,404 INFO    SenderThread:276710 [sender.py:_save_file():1365] saving file wandb-summary.json with policy end
2024-03-09 18:47:27,895 INFO    Thread-17 :276710 [dir_watcher.py:_on_file_modified():288] file/dir modified: /home/yash/Desktop/Biorobotics_Lab/moving_mass_RL-master/scripts/wandb/run-20240309_184429-gqpixprx/files/wandb-summary.json
2024-03-09 18:47:29,896 INFO    Thread-17 :276710 [dir_watcher.py:_on_file_modified():288] file/dir modified: /home/yash/Desktop/Biorobotics_Lab/moving_mass_RL-master/scripts/wandb/run-20240309_184429-gqpixprx/files/output.log
2024-03-09 18:47:30,085 DEBUG   SenderThread:276710 [sender.py:send():378] send: stats
2024-03-09 18:47:31,308 DEBUG   HandlerThread:276710 [handler.py:handle_request():146] handle_request: internal_messages
2024-03-09 18:47:31,309 DEBUG   HandlerThread:276710 [handler.py:handle_request():146] handle_request: stop_status
2024-03-09 18:47:31,310 DEBUG   SenderThread:276710 [sender.py:send_request():405] send_request: stop_status
2024-03-09 18:47:32,456 DEBUG   HandlerThread:276710 [handler.py:handle_request():146] handle_request: status_report
2024-03-09 18:47:37,457 DEBUG   HandlerThread:276710 [handler.py:handle_request():146] handle_request: status_report
